              :-) GROMACS - gmx mdrun, 2020.1-Ubuntu-2020.1-1 (-:

                            GROMACS is written by:
     Emile Apol      Rossen Apostolov      Paul Bauer     Herman J.C. Berendsen
    Par Bjelkmar      Christian Blau   Viacheslav Bolnykh     Kevin Boyd    
 Aldert van Buuren   Rudi van Drunen     Anton Feenstra       Alan Gray     
  Gerrit Groenhof     Anca Hamuraru    Vincent Hindriksen  M. Eric Irrgang  
  Aleksei Iupinov   Christoph Junghans     Joe Jordan     Dimitrios Karkoulis
    Peter Kasson        Jiri Kraus      Carsten Kutzner      Per Larsson    
  Justin A. Lemkul    Viveca Lindahl    Magnus Lundborg     Erik Marklund   
    Pascal Merz     Pieter Meulenhoff    Teemu Murtola       Szilard Pall   
    Sander Pronk      Roland Schulz      Michael Shirts    Alexey Shvetsov  
   Alfons Sijbers     Peter Tieleman      Jon Vincent      Teemu Virolainen 
 Christian Wennberg    Maarten Wolf      Artem Zhmurov   
                           and the project leaders:
        Mark Abraham, Berk Hess, Erik Lindahl, and David van der Spoel

Copyright (c) 1991-2000, University of Groningen, The Netherlands.
Copyright (c) 2001-2019, The GROMACS development team at
Uppsala University, Stockholm University and
the Royal Institute of Technology, Sweden.
check out http://www.gromacs.org for more information.

GROMACS is free software; you can redistribute it and/or modify it
under the terms of the GNU Lesser General Public License
as published by the Free Software Foundation; either version 2.1
of the License, or (at your option) any later version.

GROMACS:      gmx mdrun, version 2020.1-Ubuntu-2020.1-1
Executable:   /usr/bin/gmx
Data prefix:  /usr
Working dir:  /home/runner/work/gromacs-workflow/gromacs-workflow
Process ID:   81323
Command line:
  gmx mdrun -deffnm full_md

GROMACS version:    2020.1-Ubuntu-2020.1-1
Precision:          single
Memory model:       64 bit
MPI library:        thread_mpi
OpenMP support:     enabled (GMX_OPENMP_MAX_THREADS = 64)
GPU support:        disabled
SIMD instructions:  SSE2
FFT library:        fftw-3.3.8-sse2-avx
RDTSCP usage:       disabled
TNG support:        enabled
Hwloc support:      hwloc-2.1.0
Tracing support:    disabled
C compiler:         /usr/bin/cc GNU 9.3.0
C compiler flags:   -msse2 -fexcess-precision=fast -funroll-all-loops
C++ compiler:       /usr/bin/c++ GNU 9.3.0
C++ compiler flags: -msse2 -fexcess-precision=fast -funroll-all-loops -fopenmp


Running on 1 node with total 2 cores, 2 logical cores
Hardware detected:
  CPU info:
    Vendor: Intel
    Brand:  Intel(R) Xeon(R) Platinum 8171M CPU @ 2.60GHz
    Family: 6   Model: 85   Stepping: 4
    Features: aes apic avx avx2 avx512f avx512cd avx512bw avx512vl clfsh cmov cx8 cx16 f16c fma hle intel lahf mmx msr pcid pclmuldq pdpe1gb popcnt pse rdrnd rdtscp rtm sse2 sse3 sse4.1 sse4.2 ssse3
    Number of AVX-512 FMA units: Cannot run AVX-512 detection - assuming 2
  Hardware topology: Full, with devices
    Sockets, cores, and logical processors:
      Socket  0: [   0] [   1]
    Numa nodes:
      Node  0 (7292190720 bytes mem):   0   1
      Latency:
               0
         0  1.00
    Caches:
      L1: 32768 bytes, linesize 64 bytes, assoc. 8, shared 1 ways
      L2: 1048576 bytes, linesize 64 bytes, assoc. 16, shared 1 ways
      L3: 37486592 bytes, linesize 64 bytes, assoc. 11, shared 2 ways
    PCI devices:
      0000:00:07.1  Id: 8086:7111  Class: 0x0101  Numa: 0
      0000:00:08.0  Id: 1414:5353  Class: 0x0300  Numa: 0

Highest SIMD level requested by all nodes in run: AVX_512
SIMD instructions selected at compile time:       SSE2
This program was compiled for different hardware than you are running on,
which could influence performance.
The current CPU can measure timings more accurately than the code in
gmx mdrun was configured to use. This might affect your simulation
speed as accurate timings are needed for load-balancing.
Please consider rebuilding gmx mdrun with the GMX_USE_RDTSCP=ON CMake option.

++++ PLEASE READ AND CITE THE FOLLOWING REFERENCE ++++
M. J. Abraham, T. Murtola, R. Schulz, S. Páll, J. C. Smith, B. Hess, E.
Lindahl
GROMACS: High performance molecular simulations through multi-level
parallelism from laptops to supercomputers
SoftwareX 1 (2015) pp. 19-25
-------- -------- --- Thank You --- -------- --------


++++ PLEASE READ AND CITE THE FOLLOWING REFERENCE ++++
S. Páll, M. J. Abraham, C. Kutzner, B. Hess, E. Lindahl
Tackling Exascale Software Challenges in Molecular Dynamics Simulations with
GROMACS
In S. Markidis & E. Laure (Eds.), Solving Software Challenges for Exascale 8759 (2015) pp. 3-27
-------- -------- --- Thank You --- -------- --------


++++ PLEASE READ AND CITE THE FOLLOWING REFERENCE ++++
S. Pronk, S. Páll, R. Schulz, P. Larsson, P. Bjelkmar, R. Apostolov, M. R.
Shirts, J. C. Smith, P. M. Kasson, D. van der Spoel, B. Hess, and E. Lindahl
GROMACS 4.5: a high-throughput and highly parallel open source molecular
simulation toolkit
Bioinformatics 29 (2013) pp. 845-54
-------- -------- --- Thank You --- -------- --------


++++ PLEASE READ AND CITE THE FOLLOWING REFERENCE ++++
B. Hess and C. Kutzner and D. van der Spoel and E. Lindahl
GROMACS 4: Algorithms for highly efficient, load-balanced, and scalable
molecular simulation
J. Chem. Theory Comput. 4 (2008) pp. 435-447
-------- -------- --- Thank You --- -------- --------


++++ PLEASE READ AND CITE THE FOLLOWING REFERENCE ++++
D. van der Spoel, E. Lindahl, B. Hess, G. Groenhof, A. E. Mark and H. J. C.
Berendsen
GROMACS: Fast, Flexible and Free
J. Comp. Chem. 26 (2005) pp. 1701-1719
-------- -------- --- Thank You --- -------- --------


++++ PLEASE READ AND CITE THE FOLLOWING REFERENCE ++++
E. Lindahl and B. Hess and D. van der Spoel
GROMACS 3.0: A package for molecular simulation and trajectory analysis
J. Mol. Mod. 7 (2001) pp. 306-317
-------- -------- --- Thank You --- -------- --------


++++ PLEASE READ AND CITE THE FOLLOWING REFERENCE ++++
H. J. C. Berendsen, D. van der Spoel and R. van Drunen
GROMACS: A message-passing parallel molecular dynamics implementation
Comp. Phys. Comm. 91 (1995) pp. 43-56
-------- -------- --- Thank You --- -------- --------

Input Parameters:
   integrator                     = md
   tinit                          = 0
   dt                             = 0.002
   nsteps                         = 500000
   init-step                      = 0
   simulation-part                = 1
   comm-mode                      = Linear
   nstcomm                        = 100
   bd-fric                        = 0
   ld-seed                        = -1514367933
   emtol                          = 10
   emstep                         = 0.01
   niter                          = 20
   fcstep                         = 0
   nstcgsteep                     = 1000
   nbfgscorr                      = 10
   rtpi                           = 0.05
   nstxout                        = 0
   nstvout                        = 0
   nstfout                        = 0
   nstlog                         = 5000
   nstcalcenergy                  = 100
   nstenergy                      = 5000
   nstxout-compressed             = 5000
   compressed-x-precision         = 1000
   cutoff-scheme                  = Verlet
   nstlist                        = 10
   pbc                            = xyz
   periodic-molecules             = false
   verlet-buffer-tolerance        = 0.005
   rlist                          = 1
   coulombtype                    = PME
   coulomb-modifier               = Potential-shift
   rcoulomb-switch                = 0
   rcoulomb                       = 1
   epsilon-r                      = 1
   epsilon-rf                     = inf
   vdw-type                       = Cut-off
   vdw-modifier                   = Potential-shift
   rvdw-switch                    = 0
   rvdw                           = 1
   DispCorr                       = EnerPres
   table-extension                = 1
   fourierspacing                 = 0.16
   fourier-nx                     = 48
   fourier-ny                     = 48
   fourier-nz                     = 48
   pme-order                      = 4
   ewald-rtol                     = 1e-05
   ewald-rtol-lj                  = 0.001
   lj-pme-comb-rule               = Geometric
   ewald-geometry                 = 0
   epsilon-surface                = 0
   tcoupl                         = V-rescale
   nsttcouple                     = 10
   nh-chain-length                = 0
   print-nose-hoover-chain-variables = false
   pcoupl                         = Parrinello-Rahman
   pcoupltype                     = Isotropic
   nstpcouple                     = 10
   tau-p                          = 2
   compressibility (3x3):
      compressibility[    0]={ 4.50000e-05,  0.00000e+00,  0.00000e+00}
      compressibility[    1]={ 0.00000e+00,  4.50000e-05,  0.00000e+00}
      compressibility[    2]={ 0.00000e+00,  0.00000e+00,  4.50000e-05}
   ref-p (3x3):
      ref-p[    0]={ 1.00000e+00,  0.00000e+00,  0.00000e+00}
      ref-p[    1]={ 0.00000e+00,  1.00000e+00,  0.00000e+00}
      ref-p[    2]={ 0.00000e+00,  0.00000e+00,  1.00000e+00}
   refcoord-scaling               = No
   posres-com (3):
      posres-com[0]= 0.00000e+00
      posres-com[1]= 0.00000e+00
      posres-com[2]= 0.00000e+00
   posres-comB (3):
      posres-comB[0]= 0.00000e+00
      posres-comB[1]= 0.00000e+00
      posres-comB[2]= 0.00000e+00
   QMMM                           = false
   QMconstraints                  = 0
   QMMMscheme                     = 0
   MMChargeScaleFactor            = 1
qm-opts:
   ngQM                           = 0
   constraint-algorithm           = Lincs
   continuation                   = true
   Shake-SOR                      = false
   shake-tol                      = 0.0001
   lincs-order                    = 4
   lincs-iter                     = 1
   lincs-warnangle                = 30
   nwall                          = 0
   wall-type                      = 9-3
   wall-r-linpot                  = -1
   wall-atomtype[0]               = -1
   wall-atomtype[1]               = -1
   wall-density[0]                = 0
   wall-density[1]                = 0
   wall-ewald-zfac                = 3
   pull                           = false
   awh                            = false
   rotation                       = false
   interactiveMD                  = false
   disre                          = No
   disre-weighting                = Conservative
   disre-mixed                    = false
   dr-fc                          = 1000
   dr-tau                         = 0
   nstdisreout                    = 100
   orire-fc                       = 0
   orire-tau                      = 0
   nstorireout                    = 100
   free-energy                    = no
   cos-acceleration               = 0
   deform (3x3):
      deform[    0]={ 0.00000e+00,  0.00000e+00,  0.00000e+00}
      deform[    1]={ 0.00000e+00,  0.00000e+00,  0.00000e+00}
      deform[    2]={ 0.00000e+00,  0.00000e+00,  0.00000e+00}
   simulated-tempering            = false
   swapcoords                     = no
   userint1                       = 0
   userint2                       = 0
   userint3                       = 0
   userint4                       = 0
   userreal1                      = 0
   userreal2                      = 0
   userreal3                      = 0
   userreal4                      = 0
   applied-forces:
     electric-field:
       x:
         E0                       = 0
         omega                    = 0
         t0                       = 0
         sigma                    = 0
       y:
         E0                       = 0
         omega                    = 0
         t0                       = 0
         sigma                    = 0
       z:
         E0                       = 0
         omega                    = 0
         t0                       = 0
         sigma                    = 0
     density-guided-simulation:
       active                     = false
       group                      = protein
       similarity-measure         = inner-product
       atom-spreading-weight      = unity
       force-constant             = 1e+09
       gaussian-transform-spreading-width = 0.2
       gaussian-transform-spreading-range-in-multiples-of-width = 4
       reference-density-filename = reference.mrc
       nst                        = 1
       normalize-densities        = true
       adaptive-force-scaling     = false
       adaptive-force-scaling-time-constant = 4
grpopts:
   nrdf:     6673.74     69597.3
   ref-t:         300         300
   tau-t:         0.1         0.1
annealing:          No          No
annealing-npoints:           0           0
   acc:	           0           0           0
   nfreeze:           N           N           N
   energygrp-flags[  0]: 0

Changing nstlist from 10 to 50, rlist from 1 to 1.115


Using 1 MPI thread

Non-default thread affinity set, disabling internal thread affinity

Using 2 OpenMP threads 

System total charge: -0.000
Will do PME sum in reciprocal space for electrostatic interactions.

++++ PLEASE READ AND CITE THE FOLLOWING REFERENCE ++++
U. Essmann, L. Perera, M. L. Berkowitz, T. Darden, H. Lee and L. G. Pedersen 
A smooth particle mesh Ewald method
J. Chem. Phys. 103 (1995) pp. 8577-8592
-------- -------- --- Thank You --- -------- --------

Using a Gaussian width (1/beta) of 0.320163 nm for Ewald
Potential shift: LJ r^-12: -1.000e+00 r^-6: -1.000e+00, Ewald -1.000e-05
Initialized non-bonded Coulomb Ewald tables, spacing: 9.33e-04 size: 1073

Generated table with 1057 data points for 1-4 COUL.
Tabscale = 500 points/nm
Generated table with 1057 data points for 1-4 LJ6.
Tabscale = 500 points/nm
Generated table with 1057 data points for 1-4 LJ12.
Tabscale = 500 points/nm

Using SIMD 4x4 nonbonded short-range kernels

Using a dual 4x4 pair-list setup updated with dynamic pruning:
  outer list: updated every 50 steps, buffer 0.115 nm, rlist 1.115 nm
  inner list: updated every 12 steps, buffer 0.002 nm, rlist 1.002 nm
At tolerance 0.005 kJ/mol/ps per atom, equivalent classical 1x1 list would be:
  outer list: updated every 50 steps, buffer 0.244 nm, rlist 1.244 nm
  inner list: updated every 12 steps, buffer 0.047 nm, rlist 1.047 nm

Using geometric Lennard-Jones combination rule

Long Range LJ corr.: <C6> 3.2425e-04


Initializing LINear Constraint Solver

++++ PLEASE READ AND CITE THE FOLLOWING REFERENCE ++++
B. Hess and H. Bekker and H. J. C. Berendsen and J. G. E. M. Fraaije
LINCS: A Linear Constraint Solver for molecular simulations
J. Comp. Chem. 18 (1997) pp. 1463-1472
-------- -------- --- Thank You --- -------- --------

The number of constraints is 1333

++++ PLEASE READ AND CITE THE FOLLOWING REFERENCE ++++
S. Miyamoto and P. A. Kollman
SETTLE: An Analytical Version of the SHAKE and RATTLE Algorithms for Rigid
Water Models
J. Comp. Chem. 13 (1992) pp. 952-962
-------- -------- --- Thank You --- -------- --------


++++ PLEASE READ AND CITE THE FOLLOWING REFERENCE ++++
G. Bussi, D. Donadio and M. Parrinello
Canonical sampling through velocity rescaling
J. Chem. Phys. 126 (2007) pp. 014101
-------- -------- --- Thank You --- -------- --------

There are: 37468 Atoms
Center of mass motion removal mode is Linear
We have the following groups for center of mass motion removal:
  0:  rest

Started mdrun on rank 0 Sat Oct 10 15:00:35 2020

           Step           Time
              0        0.00000

   Energies (kJ/mol)
           Bond          Angle    Proper Dih. Ryckaert-Bell.          LJ-14
    1.86969e+03    5.31070e+03    3.25922e+02    2.83900e+03    3.59852e+03
     Coulomb-14        LJ (SR)  Disper. corr.   Coulomb (SR)   Coul. recip.
    1.36411e+04    1.00588e+05   -5.12188e+03   -6.99584e+05    3.23925e+03
      Potential    Kinetic En.   Total Energy  Conserved En.    Temperature
   -5.73293e+05    9.55282e+04   -4.77765e+05   -4.77743e+05    3.01278e+02
 Pres. DC (bar) Pressure (bar)   Constr. rmsd
   -2.29004e+02    1.81149e+02    3.15083e-06

           Step           Time
           5000       10.00000

   Energies (kJ/mol)
           Bond          Angle    Proper Dih. Ryckaert-Bell.          LJ-14
    1.99574e+03    5.24207e+03    3.08494e+02    2.86457e+03    3.49528e+03
     Coulomb-14        LJ (SR)  Disper. corr.   Coulomb (SR)   Coul. recip.
    1.35288e+04    1.02030e+05   -5.11921e+03   -7.02262e+05    3.23697e+03
      Potential    Kinetic En.   Total Energy  Conserved En.    Temperature
   -5.74679e+05    9.45603e+04   -4.80118e+05   -4.77697e+05    2.98226e+02
 Pres. DC (bar) Pressure (bar)   Constr. rmsd
   -2.28766e+02    3.61989e+01    2.61416e-06

           Step           Time
          10000       20.00000

   Energies (kJ/mol)
           Bond          Angle    Proper Dih. Ryckaert-Bell.          LJ-14
    1.93888e+03    5.38121e+03    3.60432e+02    2.72275e+03    3.52433e+03
     Coulomb-14        LJ (SR)  Disper. corr.   Coulomb (SR)   Coul. recip.
    1.35585e+04    1.00350e+05   -5.13474e+03   -6.99078e+05    3.36631e+03
      Potential    Kinetic En.   Total Energy  Conserved En.    Temperature
   -5.73010e+05    9.54290e+04   -4.77581e+05   -4.77671e+05    3.00966e+02
 Pres. DC (bar) Pressure (bar)   Constr. rmsd
   -2.30154e+02    7.07114e+00    2.98889e-06

           Step           Time
          15000       30.00000

   Energies (kJ/mol)
           Bond          Angle    Proper Dih. Ryckaert-Bell.          LJ-14
    1.98424e+03    5.45344e+03    2.82236e+02    2.69290e+03    3.54907e+03
     Coulomb-14        LJ (SR)  Disper. corr.   Coulomb (SR)   Coul. recip.
    1.36563e+04    1.01392e+05   -5.13764e+03   -7.01325e+05    3.25908e+03
      Potential    Kinetic En.   Total Energy  Conserved En.    Temperature
   -5.74193e+05    9.48878e+04   -4.79306e+05   -4.77625e+05    2.99259e+02
 Pres. DC (bar) Pressure (bar)   Constr. rmsd
   -2.30415e+02    1.54324e+02    2.94375e-06

           Step           Time
          20000       40.00000

   Energies (kJ/mol)
           Bond          Angle    Proper Dih. Ryckaert-Bell.          LJ-14
    2.02168e+03    5.39240e+03    2.88739e+02    2.65380e+03    3.48988e+03
     Coulomb-14        LJ (SR)  Disper. corr.   Coulomb (SR)   Coul. recip.
    1.36531e+04    1.02776e+05   -5.15287e+03   -7.03255e+05    3.21703e+03
      Potential    Kinetic En.   Total Energy  Conserved En.    Temperature
   -5.74915e+05    9.49584e+04   -4.79957e+05   -4.77605e+05    2.99481e+02
 Pres. DC (bar) Pressure (bar)   Constr. rmsd
   -2.31781e+02    2.87751e+02    3.07243e-06

           Step           Time
          25000       50.00000

   Energies (kJ/mol)
           Bond          Angle    Proper Dih. Ryckaert-Bell.          LJ-14
    2.00330e+03    5.22632e+03    3.16528e+02    2.75337e+03    3.42341e+03
     Coulomb-14        LJ (SR)  Disper. corr.   Coulomb (SR)   Coul. recip.
    1.36190e+04    1.01314e+05   -5.13185e+03   -7.01053e+05    3.23898e+03
      Potential    Kinetic En.   Total Energy  Conserved En.    Temperature
   -5.74290e+05    9.41014e+04   -4.80188e+05   -4.77595e+05    2.96778e+02
 Pres. DC (bar) Pressure (bar)   Constr. rmsd
   -2.29896e+02   -9.38122e+01    3.03128e-06

Writing checkpoint, step 29850 at Sat Oct 10 15:15:36 2020


           Step           Time
          30000       60.00000

   Energies (kJ/mol)
           Bond          Angle    Proper Dih. Ryckaert-Bell.          LJ-14
    1.99315e+03    5.50339e+03    2.73867e+02    2.67848e+03    3.53693e+03
     Coulomb-14        LJ (SR)  Disper. corr.   Coulomb (SR)   Coul. recip.
    1.35945e+04    1.01323e+05   -5.12151e+03   -6.99761e+05    3.34222e+03
      Potential    Kinetic En.   Total Energy  Conserved En.    Temperature
   -5.72637e+05    9.51990e+04   -4.77438e+05   -4.77533e+05    3.00240e+02
 Pres. DC (bar) Pressure (bar)   Constr. rmsd
   -2.28972e+02    3.15615e+02    2.90735e-06

           Step           Time
          35000       70.00000

   Energies (kJ/mol)
           Bond          Angle    Proper Dih. Ryckaert-Bell.          LJ-14
    1.99130e+03    5.35334e+03    3.22581e+02    2.58098e+03    3.46892e+03
     Coulomb-14        LJ (SR)  Disper. corr.   Coulomb (SR)   Coul. recip.
    1.35255e+04    1.01372e+05   -5.13244e+03   -7.00407e+05    3.16192e+03
      Potential    Kinetic En.   Total Energy  Conserved En.    Temperature
   -5.73763e+05    9.50059e+04   -4.78757e+05   -4.77502e+05    2.99631e+02
 Pres. DC (bar) Pressure (bar)   Constr. rmsd
   -2.29949e+02    9.70052e+01    3.14371e-06

           Step           Time
          40000       80.00000

   Energies (kJ/mol)
           Bond          Angle    Proper Dih. Ryckaert-Bell.          LJ-14
    2.04689e+03    5.27977e+03    2.99372e+02    2.70852e+03    3.44418e+03
     Coulomb-14        LJ (SR)  Disper. corr.   Coulomb (SR)   Coul. recip.
    1.35286e+04    1.00701e+05   -5.13290e+03   -6.99570e+05    3.24065e+03
      Potential    Kinetic En.   Total Energy  Conserved En.    Temperature
   -5.73454e+05    9.54907e+04   -4.77963e+05   -4.77495e+05    3.01160e+02
 Pres. DC (bar) Pressure (bar)   Constr. rmsd
   -2.29990e+02   -1.59591e+02    3.04531e-06

           Step           Time
          45000       90.00000

   Energies (kJ/mol)
           Bond          Angle    Proper Dih. Ryckaert-Bell.          LJ-14
    1.99703e+03    5.37804e+03    3.17344e+02    2.69825e+03    3.44785e+03
     Coulomb-14        LJ (SR)  Disper. corr.   Coulomb (SR)   Coul. recip.
    1.36059e+04    1.00010e+05   -5.11230e+03   -6.98682e+05    3.21628e+03
      Potential    Kinetic En.   Total Energy  Conserved En.    Temperature
   -5.73124e+05    9.54636e+04   -4.77660e+05   -4.77459e+05    3.01075e+02
 Pres. DC (bar) Pressure (bar)   Constr. rmsd
   -2.28149e+02   -1.40013e+02    2.79973e-06

           Step           Time
          50000      100.00000

   Energies (kJ/mol)
           Bond          Angle    Proper Dih. Ryckaert-Bell.          LJ-14
    2.01713e+03    5.28188e+03    2.89075e+02    2.69258e+03    3.44820e+03
     Coulomb-14        LJ (SR)  Disper. corr.   Coulomb (SR)   Coul. recip.
    1.36504e+04    1.00547e+05   -5.12457e+03   -7.00458e+05    3.25194e+03
      Potential    Kinetic En.   Total Energy  Conserved En.    Temperature
   -5.74404e+05    9.44204e+04   -4.79984e+05   -4.77414e+05    2.97785e+02
 Pres. DC (bar) Pressure (bar)   Constr. rmsd
   -2.29245e+02   -2.30639e+02    2.70598e-06

           Step           Time
          55000      110.00000

   Energies (kJ/mol)
           Bond          Angle    Proper Dih. Ryckaert-Bell.          LJ-14
    1.88110e+03    5.21461e+03    3.36570e+02    2.64981e+03    3.53365e+03
     Coulomb-14        LJ (SR)  Disper. corr.   Coulomb (SR)   Coul. recip.
    1.35665e+04    9.97120e+04   -5.14316e+03   -6.98927e+05    3.17118e+03
      Potential    Kinetic En.   Total Energy  Conserved En.    Temperature
   -5.74005e+05    9.54692e+04   -4.78536e+05   -4.77405e+05    3.01092e+02
 Pres. DC (bar) Pressure (bar)   Constr. rmsd
   -2.30910e+02    1.96788e+01    2.90822e-06

Writing checkpoint, step 59750 at Sat Oct 10 15:30:36 2020


           Step           Time
          60000      120.00000

   Energies (kJ/mol)
           Bond          Angle    Proper Dih. Ryckaert-Bell.          LJ-14
    1.92104e+03    5.36297e+03    3.29734e+02    2.67514e+03    3.46910e+03
     Coulomb-14        LJ (SR)  Disper. corr.   Coulomb (SR)   Coul. recip.
    1.35545e+04    1.00286e+05   -5.12105e+03   -6.99168e+05    3.29245e+03
      Potential    Kinetic En.   Total Energy  Conserved En.    Temperature
   -5.73398e+05    9.49741e+04   -4.78424e+05   -4.77342e+05    2.99531e+02
 Pres. DC (bar) Pressure (bar)   Constr. rmsd
   -2.28930e+02   -5.44414e+01    2.85015e-06

           Step           Time
          65000      130.00000

   Energies (kJ/mol)
           Bond          Angle    Proper Dih. Ryckaert-Bell.          LJ-14
    1.99961e+03    5.25873e+03    3.32156e+02    2.66873e+03    3.54017e+03
     Coulomb-14        LJ (SR)  Disper. corr.   Coulomb (SR)   Coul. recip.
    1.36693e+04    1.02180e+05   -5.14095e+03   -7.01531e+05    3.27934e+03
      Potential    Kinetic En.   Total Energy  Conserved En.    Temperature
   -5.73743e+05    9.62706e+04   -4.77473e+05   -4.77301e+05    3.03620e+02
 Pres. DC (bar) Pressure (bar)   Constr. rmsd
   -2.30711e+02    2.42524e+02    2.93223e-06

           Step           Time
          70000      140.00000

   Energies (kJ/mol)
           Bond          Angle    Proper Dih. Ryckaert-Bell.          LJ-14
    2.07270e+03    5.42844e+03    3.13682e+02    2.67468e+03    3.52095e+03
     Coulomb-14        LJ (SR)  Disper. corr.   Coulomb (SR)   Coul. recip.
    1.36693e+04    1.00548e+05   -5.12472e+03   -7.00788e+05    3.28940e+03
      Potential    Kinetic En.   Total Energy  Conserved En.    Temperature
   -5.74395e+05    9.49563e+04   -4.79439e+05   -4.77259e+05    2.99475e+02
 Pres. DC (bar) Pressure (bar)   Constr. rmsd
   -2.29258e+02   -1.12627e+02    3.19848e-06

           Step           Time
          75000      150.00000

   Energies (kJ/mol)
           Bond          Angle    Proper Dih. Ryckaert-Bell.          LJ-14
    2.02545e+03    5.32209e+03    3.34405e+02    2.60793e+03    3.44079e+03
     Coulomb-14        LJ (SR)  Disper. corr.   Coulomb (SR)   Coul. recip.
    1.35171e+04    9.98495e+04   -5.11591e+03   -6.98755e+05    3.14610e+03
      Potential    Kinetic En.   Total Energy  Conserved En.    Temperature
   -5.73628e+05    9.53914e+04   -4.78236e+05   -4.77248e+05    3.00847e+02
 Pres. DC (bar) Pressure (bar)   Constr. rmsd
   -2.28472e+02   -2.07714e+02    2.73228e-06

           Step           Time
          80000      160.00000

   Energies (kJ/mol)
           Bond          Angle    Proper Dih. Ryckaert-Bell.          LJ-14
    1.97795e+03    5.42967e+03    3.41905e+02    2.72608e+03    3.51591e+03
     Coulomb-14        LJ (SR)  Disper. corr.   Coulomb (SR)   Coul. recip.
    1.36953e+04    1.00944e+05   -5.13888e+03   -7.01805e+05    3.28890e+03
      Potential    Kinetic En.   Total Energy  Conserved En.    Temperature
   -5.75024e+05    9.60777e+04   -4.78946e+05   -4.77202e+05    3.03011e+02
 Pres. DC (bar) Pressure (bar)   Constr. rmsd
   -2.30525e+02   -9.03712e+01    2.78325e-06

           Step           Time
          85000      170.00000

   Energies (kJ/mol)
           Bond          Angle    Proper Dih. Ryckaert-Bell.          LJ-14
    2.15732e+03    5.36529e+03    3.50759e+02    2.80045e+03    3.57767e+03
     Coulomb-14        LJ (SR)  Disper. corr.   Coulomb (SR)   Coul. recip.
    1.37115e+04    1.00042e+05   -5.10748e+03   -6.98065e+05    3.24479e+03
      Potential    Kinetic En.   Total Energy  Conserved En.    Temperature
   -5.71924e+05    9.63973e+04   -4.75526e+05   -4.77168e+05    3.04019e+02
 Pres. DC (bar) Pressure (bar)   Constr. rmsd
   -2.27720e+02   -9.49211e+01    2.94160e-06

Writing checkpoint, step 89200 at Sat Oct 10 15:45:36 2020


           Step           Time
          90000      180.00000

   Energies (kJ/mol)
           Bond          Angle    Proper Dih. Ryckaert-Bell.          LJ-14
    1.99106e+03    5.27632e+03    3.01599e+02    2.71566e+03    3.49895e+03
     Coulomb-14        LJ (SR)  Disper. corr.   Coulomb (SR)   Coul. recip.
    1.37404e+04    1.01599e+05   -5.11809e+03   -6.99473e+05    3.26476e+03
      Potential    Kinetic En.   Total Energy  Conserved En.    Temperature
   -5.72203e+05    9.50205e+04   -4.77183e+05   -4.77135e+05    2.99677e+02
 Pres. DC (bar) Pressure (bar)   Constr. rmsd
   -2.28666e+02    1.02533e+02    3.09874e-06

           Step           Time
          95000      190.00000

   Energies (kJ/mol)
           Bond          Angle    Proper Dih. Ryckaert-Bell.          LJ-14
    2.04408e+03    5.44489e+03    3.12312e+02    2.72987e+03    3.41793e+03
     Coulomb-14        LJ (SR)  Disper. corr.   Coulomb (SR)   Coul. recip.
    1.35545e+04    1.00655e+05   -5.12594e+03   -6.99296e+05    3.22098e+03
      Potential    Kinetic En.   Total Energy  Conserved En.    Temperature
   -5.73042e+05    9.62470e+04   -4.76795e+05   -4.77091e+05    3.03545e+02
 Pres. DC (bar) Pressure (bar)   Constr. rmsd
   -2.29367e+02    2.86071e+01    2.93685e-06

           Step           Time
         100000      200.00000

   Energies (kJ/mol)
           Bond          Angle    Proper Dih. Ryckaert-Bell.          LJ-14
    2.00591e+03    5.48041e+03    3.01441e+02    2.70068e+03    3.53357e+03
     Coulomb-14        LJ (SR)  Disper. corr.   Coulomb (SR)   Coul. recip.
    1.36250e+04    1.01250e+05   -5.12892e+03   -6.99615e+05    3.23383e+03
      Potential    Kinetic En.   Total Energy  Conserved En.    Temperature
   -5.72613e+05    9.53856e+04   -4.77227e+05   -4.77038e+05    3.00829e+02
 Pres. DC (bar) Pressure (bar)   Constr. rmsd
   -2.29633e+02    8.07596e+01    2.90595e-06

           Step           Time
         105000      210.00000

   Energies (kJ/mol)
           Bond          Angle    Proper Dih. Ryckaert-Bell.          LJ-14
    1.96624e+03    5.35846e+03    3.36983e+02    2.74357e+03    3.55162e+03
     Coulomb-14        LJ (SR)  Disper. corr.   Coulomb (SR)   Coul. recip.
    1.36474e+04    1.02566e+05   -5.13531e+03   -7.03226e+05    3.22820e+03
      Potential    Kinetic En.   Total Energy  Conserved En.    Temperature
   -5.74963e+05    9.59962e+04   -4.78967e+05   -4.77014e+05    3.02754e+02
 Pres. DC (bar) Pressure (bar)   Constr. rmsd
   -2.30205e+02    2.09060e+02    3.12676e-06

           Step           Time
         110000      220.00000

   Energies (kJ/mol)
           Bond          Angle    Proper Dih. Ryckaert-Bell.          LJ-14
    2.05122e+03    5.33038e+03    3.27523e+02    2.65669e+03    3.49715e+03
     Coulomb-14        LJ (SR)  Disper. corr.   Coulomb (SR)   Coul. recip.
    1.35985e+04    1.00572e+05   -5.12043e+03   -6.99354e+05    3.36398e+03
      Potential    Kinetic En.   Total Energy  Conserved En.    Temperature
   -5.73077e+05    9.57243e+04   -4.77353e+05   -4.76970e+05    3.01897e+02
 Pres. DC (bar) Pressure (bar)   Constr. rmsd
   -2.28875e+02   -9.41463e+01    3.25447e-06

           Step           Time
         115000      230.00000

   Energies (kJ/mol)
           Bond          Angle    Proper Dih. Ryckaert-Bell.          LJ-14
    1.94680e+03    5.23427e+03    3.02273e+02    2.56434e+03    3.46485e+03
     Coulomb-14        LJ (SR)  Disper. corr.   Coulomb (SR)   Coul. recip.
    1.35945e+04    1.00787e+05   -5.12253e+03   -7.00707e+05    3.31619e+03
      Potential    Kinetic En.   Total Energy  Conserved En.    Temperature
   -5.74619e+05    9.53045e+04   -4.79315e+05   -4.76941e+05    3.00573e+02
 Pres. DC (bar) Pressure (bar)   Constr. rmsd
   -2.29063e+02   -1.06687e+02    3.26879e-06

Writing checkpoint, step 119050 at Sat Oct 10 16:00:37 2020


           Step           Time
         120000      240.00000

   Energies (kJ/mol)
           Bond          Angle    Proper Dih. Ryckaert-Bell.          LJ-14
    2.09686e+03    5.18051e+03    3.25021e+02    2.66721e+03    3.47226e+03
     Coulomb-14        LJ (SR)  Disper. corr.   Coulomb (SR)   Coul. recip.
    1.36875e+04    1.01149e+05   -5.13747e+03   -7.01212e+05    3.23691e+03
      Potential    Kinetic En.   Total Energy  Conserved En.    Temperature
   -5.74533e+05    9.43921e+04   -4.80141e+05   -4.76862e+05    2.97695e+02
 Pres. DC (bar) Pressure (bar)   Constr. rmsd
   -2.30399e+02   -8.74094e+00    2.74157e-06

           Step           Time
         125000      250.00000

   Energies (kJ/mol)
           Bond          Angle    Proper Dih. Ryckaert-Bell.          LJ-14
    2.01867e+03    5.12191e+03    3.19955e+02    2.67268e+03    3.44039e+03
     Coulomb-14        LJ (SR)  Disper. corr.   Coulomb (SR)   Coul. recip.
    1.35333e+04    9.96309e+04   -5.12218e+03   -6.98319e+05    3.28024e+03
      Potential    Kinetic En.   Total Energy  Conserved En.    Temperature
   -5.73424e+05    9.51479e+04   -4.78276e+05   -4.76841e+05    3.00079e+02
 Pres. DC (bar) Pressure (bar)   Constr. rmsd
   -2.29031e+02   -1.78854e+02    3.04113e-06

           Step           Time
         130000      260.00000

   Energies (kJ/mol)
           Bond          Angle    Proper Dih. Ryckaert-Bell.          LJ-14
    1.99073e+03    5.31469e+03    3.23153e+02    2.76370e+03    3.46064e+03
     Coulomb-14        LJ (SR)  Disper. corr.   Coulomb (SR)   Coul. recip.
    1.36396e+04    1.01756e+05   -5.13282e+03   -7.01649e+05    3.32015e+03
      Potential    Kinetic En.   Total Energy  Conserved En.    Temperature
   -5.74213e+05    9.51437e+04   -4.79069e+05   -4.76776e+05    3.00066e+02
 Pres. DC (bar) Pressure (bar)   Constr. rmsd
   -2.29983e+02    4.51600e+01    2.98131e-06

           Step           Time
         135000      270.00000

   Energies (kJ/mol)
           Bond          Angle    Proper Dih. Ryckaert-Bell.          LJ-14
    2.01119e+03    5.29526e+03    3.64371e+02    2.63185e+03    3.51608e+03
     Coulomb-14        LJ (SR)  Disper. corr.   Coulomb (SR)   Coul. recip.
    1.36503e+04    1.00034e+05   -5.12482e+03   -7.00153e+05    3.27799e+03
      Potential    Kinetic En.   Total Energy  Conserved En.    Temperature
   -5.74496e+05    9.52500e+04   -4.79246e+05   -4.76737e+05    3.00401e+02
 Pres. DC (bar) Pressure (bar)   Constr. rmsd
   -2.29267e+02   -2.77243e+02    3.17078e-06

           Step           Time
         140000      280.00000

   Energies (kJ/mol)
           Bond          Angle    Proper Dih. Ryckaert-Bell.          LJ-14
    1.97209e+03    5.28583e+03    2.92951e+02    2.62713e+03    3.60087e+03
     Coulomb-14        LJ (SR)  Disper. corr.   Coulomb (SR)   Coul. recip.
    1.36491e+04    1.00932e+05   -5.12594e+03   -7.00253e+05    3.20316e+03
      Potential    Kinetic En.   Total Energy  Conserved En.    Temperature
   -5.73816e+05    9.53496e+04   -4.78466e+05   -4.76724e+05    3.00715e+02
 Pres. DC (bar) Pressure (bar)   Constr. rmsd
   -2.29368e+02    1.11825e+01    2.82183e-06

           Step           Time
         145000      290.00000

   Energies (kJ/mol)
           Bond          Angle    Proper Dih. Ryckaert-Bell.          LJ-14
    1.99408e+03    5.33446e+03    2.95324e+02    2.82313e+03    3.47129e+03
     Coulomb-14        LJ (SR)  Disper. corr.   Coulomb (SR)   Coul. recip.
    1.36753e+04    1.01452e+05   -5.12090e+03   -7.00083e+05    3.19658e+03
      Potential    Kinetic En.   Total Energy  Conserved En.    Temperature
   -5.72962e+05    9.56467e+04   -4.77315e+05   -4.76674e+05    3.01652e+02
 Pres. DC (bar) Pressure (bar)   Constr. rmsd
   -2.28917e+02    2.77201e+02    3.05148e-06

Writing checkpoint, step 147850 at Sat Oct 10 16:15:36 2020


           Step           Time
         150000      300.00000

   Energies (kJ/mol)
           Bond          Angle    Proper Dih. Ryckaert-Bell.          LJ-14
    1.81952e+03    5.06715e+03    3.38295e+02    2.75550e+03    3.62580e+03
     Coulomb-14        LJ (SR)  Disper. corr.   Coulomb (SR)   Coul. recip.
    1.36659e+04    1.00210e+05   -5.12739e+03   -6.99850e+05    3.13650e+03
      Potential    Kinetic En.   Total Energy  Conserved En.    Temperature
   -5.74358e+05    9.56542e+04   -4.78704e+05   -4.76652e+05    3.01676e+02
 Pres. DC (bar) Pressure (bar)   Constr. rmsd
   -2.29497e+02    9.47504e+01    3.15185e-06

           Step           Time
         155000      310.00000

   Energies (kJ/mol)
           Bond          Angle    Proper Dih. Ryckaert-Bell.          LJ-14
    1.95954e+03    5.27058e+03    3.33983e+02    2.70464e+03    3.57438e+03
     Coulomb-14        LJ (SR)  Disper. corr.   Coulomb (SR)   Coul. recip.
    1.35568e+04    1.00299e+05   -5.13900e+03   -6.99753e+05    3.15359e+03
      Potential    Kinetic En.   Total Energy  Conserved En.    Temperature
   -5.74040e+05    9.40986e+04   -4.79941e+05   -4.76619e+05    2.96770e+02
 Pres. DC (bar) Pressure (bar)   Constr. rmsd
   -2.30536e+02    8.15787e+01    2.99744e-06

           Step           Time
         160000      320.00000

   Energies (kJ/mol)
           Bond          Angle    Proper Dih. Ryckaert-Bell.          LJ-14
    1.91992e+03    5.30269e+03    3.08793e+02    2.71977e+03    3.48856e+03
     Coulomb-14        LJ (SR)  Disper. corr.   Coulomb (SR)   Coul. recip.
    1.35935e+04    9.96291e+04   -5.13197e+03   -6.98716e+05    3.28592e+03
      Potential    Kinetic En.   Total Energy  Conserved En.    Temperature
   -5.73600e+05    9.47823e+04   -4.78818e+05   -4.76554e+05    2.98926e+02
 Pres. DC (bar) Pressure (bar)   Constr. rmsd
   -2.29907e+02   -9.68934e+01    2.63744e-06

           Step           Time
         165000      330.00000

   Energies (kJ/mol)
           Bond          Angle    Proper Dih. Ryckaert-Bell.          LJ-14
    1.92738e+03    5.39881e+03    2.89995e+02    2.66681e+03    3.53182e+03
     Coulomb-14        LJ (SR)  Disper. corr.   Coulomb (SR)   Coul. recip.
    1.36950e+04    1.01618e+05   -5.13857e+03   -7.00428e+05    3.19934e+03
      Potential    Kinetic En.   Total Energy  Conserved En.    Temperature
   -5.73240e+05    9.48991e+04   -4.78341e+05   -4.76528e+05    2.99294e+02
 Pres. DC (bar) Pressure (bar)   Constr. rmsd
   -2.30498e+02    2.74082e+02    3.08991e-06

           Step           Time
         170000      340.00000

   Energies (kJ/mol)
           Bond          Angle    Proper Dih. Ryckaert-Bell.          LJ-14
    1.99687e+03    5.54876e+03    3.35574e+02    2.65996e+03    3.46722e+03
     Coulomb-14        LJ (SR)  Disper. corr.   Coulomb (SR)   Coul. recip.
    1.36876e+04    1.00399e+05   -5.13940e+03   -7.00026e+05    3.25653e+03
      Potential    Kinetic En.   Total Energy  Conserved En.    Temperature
   -5.73815e+05    9.55148e+04   -4.78300e+05   -4.76469e+05    3.01236e+02
 Pres. DC (bar) Pressure (bar)   Constr. rmsd
   -2.30572e+02   -1.70756e+01    3.17284e-06

           Step           Time
         175000      350.00000

   Energies (kJ/mol)
           Bond          Angle    Proper Dih. Ryckaert-Bell.          LJ-14
    1.91777e+03    5.26182e+03    3.48107e+02    2.78733e+03    3.49487e+03
     Coulomb-14        LJ (SR)  Disper. corr.   Coulomb (SR)   Coul. recip.
    1.36917e+04    1.00325e+05   -5.13744e+03   -6.99772e+05    3.23073e+03
      Potential    Kinetic En.   Total Energy  Conserved En.    Temperature
   -5.73852e+05    9.45415e+04   -4.79310e+05   -4.76437e+05    2.98167e+02
 Pres. DC (bar) Pressure (bar)   Constr. rmsd
   -2.30397e+02   -3.06765e+01    2.88964e-06

Writing checkpoint, step 176200 at Sat Oct 10 16:30:36 2020


           Step           Time
         180000      360.00000

   Energies (kJ/mol)
           Bond          Angle    Proper Dih. Ryckaert-Bell.          LJ-14
    2.13824e+03    5.36779e+03    3.41303e+02    2.66217e+03    3.49789e+03
     Coulomb-14        LJ (SR)  Disper. corr.   Coulomb (SR)   Coul. recip.
    1.35782e+04    1.00468e+05   -5.12783e+03   -7.00173e+05    3.19895e+03
      Potential    Kinetic En.   Total Energy  Conserved En.    Temperature
   -5.74048e+05    9.51991e+04   -4.78849e+05   -4.76389e+05    3.00240e+02
 Pres. DC (bar) Pressure (bar)   Constr. rmsd
   -2.29536e+02   -7.82092e+01    2.89185e-06

           Step           Time
         185000      370.00000

   Energies (kJ/mol)
           Bond          Angle    Proper Dih. Ryckaert-Bell.          LJ-14
    2.03049e+03    5.29817e+03    3.07711e+02    2.64677e+03    3.53201e+03
     Coulomb-14        LJ (SR)  Disper. corr.   Coulomb (SR)   Coul. recip.
    1.37017e+04    1.01873e+05   -5.13196e+03   -7.01824e+05    3.17116e+03
      Potential    Kinetic En.   Total Energy  Conserved En.    Temperature
   -5.74395e+05    9.56998e+04   -4.78695e+05   -4.76384e+05    3.01819e+02
 Pres. DC (bar) Pressure (bar)   Constr. rmsd
   -2.29906e+02    9.73563e+01    2.80436e-06

           Step           Time
         190000      380.00000

   Energies (kJ/mol)
           Bond          Angle    Proper Dih. Ryckaert-Bell.          LJ-14
    2.13216e+03    5.36520e+03    3.23960e+02    2.72074e+03    3.53943e+03
     Coulomb-14        LJ (SR)  Disper. corr.   Coulomb (SR)   Coul. recip.
    1.36159e+04    9.94845e+04   -5.15180e+03   -6.97889e+05    3.22737e+03
      Potential    Kinetic En.   Total Energy  Conserved En.    Temperature
   -5.72632e+05    9.38338e+04   -4.78798e+05   -4.76330e+05    2.95934e+02
 Pres. DC (bar) Pressure (bar)   Constr. rmsd
   -2.31685e+02    2.60187e+01    2.91311e-06

           Step           Time
         195000      390.00000

   Energies (kJ/mol)
           Bond          Angle    Proper Dih. Ryckaert-Bell.          LJ-14
    1.87369e+03    5.27708e+03    3.12417e+02    2.67186e+03    3.52307e+03
     Coulomb-14        LJ (SR)  Disper. corr.   Coulomb (SR)   Coul. recip.
    1.36194e+04    9.97417e+04   -5.11034e+03   -6.98904e+05    3.17753e+03
      Potential    Kinetic En.   Total Energy  Conserved En.    Temperature
   -5.73818e+05    9.54373e+04   -4.78381e+05   -4.76325e+05    3.00992e+02
 Pres. DC (bar) Pressure (bar)   Constr. rmsd
   -2.27975e+02   -2.01706e+02    2.72056e-06

           Step           Time
         200000      400.00000

   Energies (kJ/mol)
           Bond          Angle    Proper Dih. Ryckaert-Bell.          LJ-14
    2.02906e+03    5.30656e+03    3.26215e+02    2.71907e+03    3.54190e+03
     Coulomb-14        LJ (SR)  Disper. corr.   Coulomb (SR)   Coul. recip.
    1.37190e+04    9.94788e+04   -5.15330e+03   -6.98601e+05    3.30471e+03
      Potential    Kinetic En.   Total Energy  Conserved En.    Temperature
   -5.73329e+05    9.49548e+04   -4.78374e+05   -4.76278e+05    2.99470e+02
 Pres. DC (bar) Pressure (bar)   Constr. rmsd
   -2.31819e+02   -6.99534e+01    2.98945e-06

           Step           Time
         205000      410.00000

   Energies (kJ/mol)
           Bond          Angle    Proper Dih. Ryckaert-Bell.          LJ-14
    1.96704e+03    5.43055e+03    3.11405e+02    2.83567e+03    3.63183e+03
     Coulomb-14        LJ (SR)  Disper. corr.   Coulomb (SR)   Coul. recip.
    1.38518e+04    9.99605e+04   -5.12681e+03   -7.00425e+05    3.27225e+03
      Potential    Kinetic En.   Total Energy  Conserved En.    Temperature
   -5.74291e+05    9.55608e+04   -4.78730e+05   -4.76229e+05    3.01381e+02
 Pres. DC (bar) Pressure (bar)   Constr. rmsd
   -2.29445e+02   -1.33451e+02    3.08683e-06

Writing checkpoint, step 206300 at Sat Oct 10 16:45:36 2020


           Step           Time
         210000      420.00000

   Energies (kJ/mol)
           Bond          Angle    Proper Dih. Ryckaert-Bell.          LJ-14
    1.99702e+03    5.22720e+03    2.99554e+02    2.75194e+03    3.49681e+03
     Coulomb-14        LJ (SR)  Disper. corr.   Coulomb (SR)   Coul. recip.
    1.37145e+04    1.00553e+05   -5.12696e+03   -6.99233e+05    3.24686e+03
      Potential    Kinetic En.   Total Energy  Conserved En.    Temperature
   -5.73073e+05    9.44657e+04   -4.78608e+05   -4.76194e+05    2.97928e+02
 Pres. DC (bar) Pressure (bar)   Constr. rmsd
   -2.29459e+02   -2.65991e+01    3.33734e-06

           Step           Time
         215000      430.00000

   Energies (kJ/mol)
           Bond          Angle    Proper Dih. Ryckaert-Bell.          LJ-14
    1.97705e+03    5.33894e+03    2.75786e+02    2.62331e+03    3.47369e+03
     Coulomb-14        LJ (SR)  Disper. corr.   Coulomb (SR)   Coul. recip.
    1.37244e+04    1.00452e+05   -5.14665e+03   -7.00115e+05    3.26432e+03
      Potential    Kinetic En.   Total Energy  Conserved En.    Temperature
   -5.74132e+05    9.43331e+04   -4.79799e+05   -4.76146e+05    2.97509e+02
 Pres. DC (bar) Pressure (bar)   Constr. rmsd
   -2.31222e+02   -8.29352e+01    3.21313e-06

           Step           Time
         220000      440.00000

   Energies (kJ/mol)
           Bond          Angle    Proper Dih. Ryckaert-Bell.          LJ-14
    2.00699e+03    5.12607e+03    3.08625e+02    2.90948e+03    3.53664e+03
     Coulomb-14        LJ (SR)  Disper. corr.   Coulomb (SR)   Coul. recip.
    1.37046e+04    1.00801e+05   -5.14979e+03   -7.00302e+05    3.23510e+03
      Potential    Kinetic En.   Total Energy  Conserved En.    Temperature
   -5.73823e+05    9.34135e+04   -4.80409e+05   -4.76097e+05    2.94609e+02
 Pres. DC (bar) Pressure (bar)   Constr. rmsd
   -2.31504e+02    1.27582e+02    2.75327e-06

           Step           Time
         225000      450.00000

   Energies (kJ/mol)
           Bond          Angle    Proper Dih. Ryckaert-Bell.          LJ-14
    2.10183e+03    5.37600e+03    3.17029e+02    2.64250e+03    3.45038e+03
     Coulomb-14        LJ (SR)  Disper. corr.   Coulomb (SR)   Coul. recip.
    1.37146e+04    1.01866e+05   -5.16951e+03   -7.02654e+05    3.21588e+03
      Potential    Kinetic En.   Total Energy  Conserved En.    Temperature
   -5.75139e+05    9.46246e+04   -4.80515e+05   -4.76051e+05    2.98429e+02
 Pres. DC (bar) Pressure (bar)   Constr. rmsd
   -2.33278e+02    1.04590e+02    2.64388e-06

           Step           Time
         230000      460.00000

   Energies (kJ/mol)
           Bond          Angle    Proper Dih. Ryckaert-Bell.          LJ-14
    1.82404e+03    5.49300e+03    3.01311e+02    2.86326e+03    3.57749e+03
     Coulomb-14        LJ (SR)  Disper. corr.   Coulomb (SR)   Coul. recip.
    1.38716e+04    1.01506e+05   -5.13514e+03   -7.02267e+05    3.28582e+03
      Potential    Kinetic En.   Total Energy  Conserved En.    Temperature
   -5.74680e+05    9.55996e+04   -4.79080e+05   -4.76051e+05    3.01504e+02
 Pres. DC (bar) Pressure (bar)   Constr. rmsd
   -2.30190e+02    1.90047e+02    2.85519e-06

           Step           Time
         235000      470.00000

   Energies (kJ/mol)
           Bond          Angle    Proper Dih. Ryckaert-Bell.          LJ-14
    1.95551e+03    5.39095e+03    3.38718e+02    2.71441e+03    3.56530e+03
     Coulomb-14        LJ (SR)  Disper. corr.   Coulomb (SR)   Coul. recip.
    1.37597e+04    1.00393e+05   -5.09467e+03   -6.98631e+05    3.21850e+03
      Potential    Kinetic En.   Total Energy  Conserved En.    Temperature
   -5.72389e+05    9.46544e+04   -4.77735e+05   -4.76004e+05    2.98523e+02
 Pres. DC (bar) Pressure (bar)   Constr. rmsd
   -2.26581e+02    1.00086e+01    2.99925e-06

Writing checkpoint, step 235800 at Sat Oct 10 17:00:36 2020


           Step           Time
         240000      480.00000

   Energies (kJ/mol)
           Bond          Angle    Proper Dih. Ryckaert-Bell.          LJ-14
    1.95063e+03    5.11582e+03    2.83608e+02    2.79332e+03    3.50456e+03
     Coulomb-14        LJ (SR)  Disper. corr.   Coulomb (SR)   Coul. recip.
    1.37231e+04    1.01734e+05   -5.13976e+03   -7.02901e+05    3.27405e+03
      Potential    Kinetic En.   Total Energy  Conserved En.    Temperature
   -5.75661e+05    9.54566e+04   -4.80205e+05   -4.75995e+05    3.01052e+02
 Pres. DC (bar) Pressure (bar)   Constr. rmsd
   -2.30605e+02    3.64414e+01    3.14333e-06

           Step           Time
         245000      490.00000

   Energies (kJ/mol)
           Bond          Angle    Proper Dih. Ryckaert-Bell.          LJ-14
    1.97017e+03    5.34405e+03    3.22635e+02    2.77369e+03    3.50513e+03
     Coulomb-14        LJ (SR)  Disper. corr.   Coulomb (SR)   Coul. recip.
    1.38059e+04    1.00769e+05   -5.13548e+03   -7.01350e+05    3.22477e+03
      Potential    Kinetic En.   Total Energy  Conserved En.    Temperature
   -5.74770e+05    9.54283e+04   -4.79342e+05   -4.75943e+05    3.00963e+02
 Pres. DC (bar) Pressure (bar)   Constr. rmsd
   -2.30221e+02   -8.56119e+01    2.88982e-06

           Step           Time
         250000      500.00000

   Energies (kJ/mol)
           Bond          Angle    Proper Dih. Ryckaert-Bell.          LJ-14
    1.93456e+03    5.15026e+03    3.06802e+02    2.72560e+03    3.53636e+03
     Coulomb-14        LJ (SR)  Disper. corr.   Coulomb (SR)   Coul. recip.
    1.38187e+04    1.00346e+05   -5.16059e+03   -7.00159e+05    3.16232e+03
      Potential    Kinetic En.   Total Energy  Conserved En.    Temperature
   -5.74339e+05    9.49776e+04   -4.79361e+05   -4.75917e+05    2.99542e+02
 Pres. DC (bar) Pressure (bar)   Constr. rmsd
   -2.32476e+02    7.41208e+00    2.85152e-06

           Step           Time
         255000      510.00000

   Energies (kJ/mol)
           Bond          Angle    Proper Dih. Ryckaert-Bell.          LJ-14
    1.83295e+03    5.24941e+03    3.03724e+02    2.67342e+03    3.50072e+03
     Coulomb-14        LJ (SR)  Disper. corr.   Coulomb (SR)   Coul. recip.
    1.37118e+04    1.02439e+05   -5.15504e+03   -7.03653e+05    3.15607e+03
      Potential    Kinetic En.   Total Energy  Conserved En.    Temperature
   -5.75941e+05    9.50141e+04   -4.80927e+05   -4.75874e+05    2.99657e+02
 Pres. DC (bar) Pressure (bar)   Constr. rmsd
   -2.31975e+02    2.32034e+02    3.10307e-06

           Step           Time
         260000      520.00000

   Energies (kJ/mol)
           Bond          Angle    Proper Dih. Ryckaert-Bell.          LJ-14
    1.93240e+03    5.38804e+03    2.89548e+02    2.57416e+03    3.51954e+03
     Coulomb-14        LJ (SR)  Disper. corr.   Coulomb (SR)   Coul. recip.
    1.37090e+04    1.01191e+05   -5.13086e+03   -7.01351e+05    3.32524e+03
      Potential    Kinetic En.   Total Energy  Conserved En.    Temperature
   -5.74552e+05    9.44219e+04   -4.80130e+05   -4.75813e+05    2.97789e+02
 Pres. DC (bar) Pressure (bar)   Constr. rmsd
   -2.29807e+02   -1.90442e+01    2.89557e-06

           Step           Time
         265000      530.00000

Writing checkpoint, step 265000 at Sat Oct 10 17:15:37 2020


   Energies (kJ/mol)
           Bond          Angle    Proper Dih. Ryckaert-Bell.          LJ-14
    1.96303e+03    5.32362e+03    2.98025e+02    2.72499e+03    3.48981e+03
     Coulomb-14        LJ (SR)  Disper. corr.   Coulomb (SR)   Coul. recip.
    1.37952e+04    1.01984e+05   -5.14116e+03   -7.02599e+05    3.23636e+03
      Potential    Kinetic En.   Total Energy  Conserved En.    Temperature
   -5.74925e+05    9.52561e+04   -4.79669e+05   -4.75783e+05    3.00420e+02
 Pres. DC (bar) Pressure (bar)   Constr. rmsd
   -2.30730e+02    7.51688e+01    3.15840e-06

           Step           Time
         270000      540.00000

   Energies (kJ/mol)
           Bond          Angle    Proper Dih. Ryckaert-Bell.          LJ-14
    1.85059e+03    5.37710e+03    2.94733e+02    2.60170e+03    3.49314e+03
     Coulomb-14        LJ (SR)  Disper. corr.   Coulomb (SR)   Coul. recip.
    1.37410e+04    1.02632e+05   -5.12730e+03   -7.03379e+05    3.21543e+03
      Potential    Kinetic En.   Total Energy  Conserved En.    Temperature
   -5.75300e+05    9.41253e+04   -4.81175e+05   -4.75736e+05    2.96854e+02
 Pres. DC (bar) Pressure (bar)   Constr. rmsd
   -2.29489e+02    1.76853e+02    2.69744e-06

           Step           Time
         275000      550.00000

   Energies (kJ/mol)
           Bond          Angle    Proper Dih. Ryckaert-Bell.          LJ-14
    1.91203e+03    5.30127e+03    3.18564e+02    2.59645e+03    3.57510e+03
     Coulomb-14        LJ (SR)  Disper. corr.   Coulomb (SR)   Coul. recip.
    1.38007e+04    1.00492e+05   -5.13510e+03   -7.00497e+05    3.20526e+03
      Potential    Kinetic En.   Total Energy  Conserved En.    Temperature
   -5.74430e+05    9.42631e+04   -4.80167e+05   -4.75711e+05    2.97288e+02
 Pres. DC (bar) Pressure (bar)   Constr. rmsd
   -2.30187e+02    5.45079e+01    2.94672e-06

           Step           Time
         280000      560.00000

   Energies (kJ/mol)
           Bond          Angle    Proper Dih. Ryckaert-Bell.          LJ-14
    1.89953e+03    5.24909e+03    3.89999e+02    2.68835e+03    3.48780e+03
     Coulomb-14        LJ (SR)  Disper. corr.   Coulomb (SR)   Coul. recip.
    1.36593e+04    1.00367e+05   -5.13253e+03   -6.99940e+05    3.27447e+03
      Potential    Kinetic En.   Total Energy  Conserved En.    Temperature
   -5.74057e+05    9.41011e+04   -4.79956e+05   -4.75674e+05    2.96778e+02
 Pres. DC (bar) Pressure (bar)   Constr. rmsd
   -2.29957e+02   -1.06562e+02    3.09687e-06

           Step           Time
         285000      570.00000

   Energies (kJ/mol)
           Bond          Angle    Proper Dih. Ryckaert-Bell.          LJ-14
    1.85337e+03    5.01151e+03    3.05585e+02    2.72631e+03    3.56206e+03
     Coulomb-14        LJ (SR)  Disper. corr.   Coulomb (SR)   Coul. recip.
    1.37119e+04    1.00406e+05   -5.11737e+03   -7.00672e+05    3.22126e+03
      Potential    Kinetic En.   Total Energy  Conserved En.    Temperature
   -5.74991e+05    9.50366e+04   -4.79955e+05   -4.75657e+05    2.99728e+02
 Pres. DC (bar) Pressure (bar)   Constr. rmsd
   -2.28602e+02   -6.52084e+01    2.92661e-06

           Step           Time
         290000      580.00000

   Energies (kJ/mol)
           Bond          Angle    Proper Dih. Ryckaert-Bell.          LJ-14
    1.89856e+03    5.38327e+03    2.82391e+02    2.71888e+03    3.58662e+03
     Coulomb-14        LJ (SR)  Disper. corr.   Coulomb (SR)   Coul. recip.
    1.38629e+04    1.01582e+05   -5.13242e+03   -7.02031e+05    3.22554e+03
      Potential    Kinetic En.   Total Energy  Conserved En.    Temperature
   -5.74624e+05    9.51892e+04   -4.79434e+05   -4.75600e+05    3.00209e+02
 Pres. DC (bar) Pressure (bar)   Constr. rmsd
   -2.29947e+02    1.43258e+02    2.73756e-06

Writing checkpoint, step 293900 at Sat Oct 10 17:30:36 2020


           Step           Time
         295000      590.00000

   Energies (kJ/mol)
           Bond          Angle    Proper Dih. Ryckaert-Bell.          LJ-14
    1.90410e+03    5.30299e+03    3.09862e+02    2.71914e+03    3.49824e+03
     Coulomb-14        LJ (SR)  Disper. corr.   Coulomb (SR)   Coul. recip.
    1.36435e+04    1.00696e+05   -5.14927e+03   -7.00366e+05    3.29455e+03
      Potential    Kinetic En.   Total Energy  Conserved En.    Temperature
   -5.74146e+05    9.49129e+04   -4.79234e+05   -4.75557e+05    2.99338e+02
 Pres. DC (bar) Pressure (bar)   Constr. rmsd
   -2.31458e+02    8.30413e+01    2.88027e-06

           Step           Time
         300000      600.00000

   Energies (kJ/mol)
           Bond          Angle    Proper Dih. Ryckaert-Bell.          LJ-14
    1.93558e+03    5.29809e+03    2.94488e+02    2.69805e+03    3.58691e+03
     Coulomb-14        LJ (SR)  Disper. corr.   Coulomb (SR)   Coul. recip.
    1.37401e+04    9.99587e+04   -5.11298e+03   -6.98904e+05    3.26636e+03
      Potential    Kinetic En.   Total Energy  Conserved En.    Temperature
   -5.73239e+05    9.43779e+04   -4.78861e+05   -4.75495e+05    2.97651e+02
 Pres. DC (bar) Pressure (bar)   Constr. rmsd
   -2.28210e+02   -1.04453e+02    2.97713e-06

           Step           Time
         305000      610.00000

   Energies (kJ/mol)
           Bond          Angle    Proper Dih. Ryckaert-Bell.          LJ-14
    1.90678e+03    5.12310e+03    3.37958e+02    2.74925e+03    3.55759e+03
     Coulomb-14        LJ (SR)  Disper. corr.   Coulomb (SR)   Coul. recip.
    1.38237e+04    9.94326e+04   -5.14164e+03   -6.99228e+05    3.20583e+03
      Potential    Kinetic En.   Total Energy  Conserved En.    Temperature
   -5.74233e+05    9.44873e+04   -4.79746e+05   -4.75508e+05    2.97996e+02
 Pres. DC (bar) Pressure (bar)   Constr. rmsd
   -2.30773e+02   -2.31659e+02    2.84447e-06

           Step           Time
         310000      620.00000

   Energies (kJ/mol)
           Bond          Angle    Proper Dih. Ryckaert-Bell.          LJ-14
    2.06084e+03    5.22597e+03    3.30567e+02    2.71912e+03    3.51152e+03
     Coulomb-14        LJ (SR)  Disper. corr.   Coulomb (SR)   Coul. recip.
    1.37317e+04    1.00339e+05   -5.13355e+03   -7.00843e+05    3.23731e+03
      Potential    Kinetic En.   Total Energy  Conserved En.    Temperature
   -5.74820e+05    9.55350e+04   -4.79285e+05   -4.75434e+05    3.01300e+02
 Pres. DC (bar) Pressure (bar)   Constr. rmsd
   -2.30048e+02   -1.08372e+01    2.96103e-06

           Step           Time
         315000      630.00000

   Energies (kJ/mol)
           Bond          Angle    Proper Dih. Ryckaert-Bell.          LJ-14
    2.10831e+03    5.44015e+03    3.03124e+02    2.70851e+03    3.44958e+03
     Coulomb-14        LJ (SR)  Disper. corr.   Coulomb (SR)   Coul. recip.
    1.36828e+04    1.01962e+05   -5.12345e+03   -7.02411e+05    3.19097e+03
      Potential    Kinetic En.   Total Energy  Conserved En.    Temperature
   -5.74690e+05    9.55475e+04   -4.79142e+05   -4.75375e+05    3.01339e+02
 Pres. DC (bar) Pressure (bar)   Constr. rmsd
   -2.29145e+02    2.48356e+01    2.79232e-06

           Step           Time
         320000      640.00000

   Energies (kJ/mol)
           Bond          Angle    Proper Dih. Ryckaert-Bell.          LJ-14
    2.00575e+03    5.45531e+03    3.17396e+02    2.63017e+03    3.42614e+03
     Coulomb-14        LJ (SR)  Disper. corr.   Coulomb (SR)   Coul. recip.
    1.36500e+04    1.01249e+05   -5.13556e+03   -7.01365e+05    3.28312e+03
      Potential    Kinetic En.   Total Energy  Conserved En.    Temperature
   -5.74483e+05    9.49734e+04   -4.79510e+05   -4.75356e+05    2.99529e+02
 Pres. DC (bar) Pressure (bar)   Constr. rmsd
   -2.30228e+02   -4.04396e+01    2.76122e-06

Writing checkpoint, step 323100 at Sat Oct 10 17:45:37 2020


           Step           Time
         325000      650.00000

   Energies (kJ/mol)
           Bond          Angle    Proper Dih. Ryckaert-Bell.          LJ-14
    1.99335e+03    5.46033e+03    2.97538e+02    2.65656e+03    3.48992e+03
     Coulomb-14        LJ (SR)  Disper. corr.   Coulomb (SR)   Coul. recip.
    1.36764e+04    1.01729e+05   -5.12671e+03   -7.01361e+05    3.23681e+03
      Potential    Kinetic En.   Total Energy  Conserved En.    Temperature
   -5.73947e+05    9.52974e+04   -4.78650e+05   -4.75334e+05    3.00551e+02
 Pres. DC (bar) Pressure (bar)   Constr. rmsd
   -2.29437e+02    4.57344e+01    2.81423e-06

           Step           Time
         330000      660.00000

   Energies (kJ/mol)
           Bond          Angle    Proper Dih. Ryckaert-Bell.          LJ-14
    2.04694e+03    5.23350e+03    2.97293e+02    2.68814e+03    3.51665e+03
     Coulomb-14        LJ (SR)  Disper. corr.   Coulomb (SR)   Coul. recip.
    1.38089e+04    1.00597e+05   -5.12932e+03   -6.99755e+05    3.26160e+03
      Potential    Kinetic En.   Total Energy  Conserved En.    Temperature
   -5.73434e+05    9.50796e+04   -4.78354e+05   -4.75314e+05    2.99864e+02
 Pres. DC (bar) Pressure (bar)   Constr. rmsd
   -2.29670e+02   -7.35444e+01    2.91510e-06

           Step           Time
         335000      670.00000

   Energies (kJ/mol)
           Bond          Angle    Proper Dih. Ryckaert-Bell.          LJ-14
    2.05171e+03    5.41022e+03    2.75148e+02    2.65458e+03    3.49994e+03
     Coulomb-14        LJ (SR)  Disper. corr.   Coulomb (SR)   Coul. recip.
    1.36655e+04    1.01290e+05   -5.12647e+03   -7.00513e+05    3.28714e+03
      Potential    Kinetic En.   Total Energy  Conserved En.    Temperature
   -5.73505e+05    9.48632e+04   -4.78642e+05   -4.75264e+05    2.99181e+02
 Pres. DC (bar) Pressure (bar)   Constr. rmsd
   -2.29414e+02    3.44971e+01    2.77558e-06

           Step           Time
         340000      680.00000

   Energies (kJ/mol)
           Bond          Angle    Proper Dih. Ryckaert-Bell.          LJ-14
    1.94849e+03    5.40045e+03    3.04142e+02    2.72774e+03    3.48351e+03
     Coulomb-14        LJ (SR)  Disper. corr.   Coulomb (SR)   Coul. recip.
    1.36696e+04    1.01296e+05   -5.12188e+03   -7.00654e+05    3.26107e+03
      Potential    Kinetic En.   Total Energy  Conserved En.    Temperature
   -5.73685e+05    9.55662e+04   -4.78119e+05   -4.75222e+05    3.01398e+02
 Pres. DC (bar) Pressure (bar)   Constr. rmsd
   -2.29005e+02    1.30251e+02    3.11141e-06

           Step           Time
         345000      690.00000

   Energies (kJ/mol)
           Bond          Angle    Proper Dih. Ryckaert-Bell.          LJ-14
    1.83567e+03    5.36792e+03    2.88799e+02    2.76758e+03    3.55747e+03
     Coulomb-14        LJ (SR)  Disper. corr.   Coulomb (SR)   Coul. recip.
    1.36717e+04    1.01607e+05   -5.13034e+03   -7.01725e+05    3.23619e+03
      Potential    Kinetic En.   Total Energy  Conserved En.    Temperature
   -5.74523e+05    9.49602e+04   -4.79563e+05   -4.75193e+05    2.99487e+02
 Pres. DC (bar) Pressure (bar)   Constr. rmsd
   -2.29760e+02    2.29426e+02    2.89724e-06

           Step           Time
         350000      700.00000

   Energies (kJ/mol)
           Bond          Angle    Proper Dih. Ryckaert-Bell.          LJ-14
    2.00993e+03    5.39922e+03    3.47209e+02    2.74114e+03    3.42201e+03
     Coulomb-14        LJ (SR)  Disper. corr.   Coulomb (SR)   Coul. recip.
    1.35497e+04    1.00934e+05   -5.13291e+03   -6.99754e+05    3.20949e+03
      Potential    Kinetic En.   Total Energy  Conserved En.    Temperature
   -5.73274e+05    9.59289e+04   -4.77345e+05   -4.75177e+05    3.02542e+02
 Pres. DC (bar) Pressure (bar)   Constr. rmsd
   -2.29990e+02   -1.01270e+00    2.81383e-06

Writing checkpoint, step 353200 at Sat Oct 10 18:00:37 2020


           Step           Time
         355000      710.00000

   Energies (kJ/mol)
           Bond          Angle    Proper Dih. Ryckaert-Bell.          LJ-14
    2.01787e+03    5.15255e+03    2.99897e+02    2.63860e+03    3.50246e+03
     Coulomb-14        LJ (SR)  Disper. corr.   Coulomb (SR)   Coul. recip.
    1.36879e+04    1.00779e+05   -5.13821e+03   -7.01235e+05    3.17044e+03
      Potential    Kinetic En.   Total Energy  Conserved En.    Temperature
   -5.75124e+05    9.46962e+04   -4.80428e+05   -4.75138e+05    2.98654e+02
 Pres. DC (bar) Pressure (bar)   Constr. rmsd
   -2.30465e+02   -2.80148e+01    2.74340e-06

           Step           Time
         360000      720.00000

   Energies (kJ/mol)
           Bond          Angle    Proper Dih. Ryckaert-Bell.          LJ-14
    2.03187e+03    5.30538e+03    3.24297e+02    2.61266e+03    3.51198e+03
     Coulomb-14        LJ (SR)  Disper. corr.   Coulomb (SR)   Coul. recip.
    1.38105e+04    9.91957e+04   -5.11195e+03   -6.98435e+05    3.29654e+03
      Potential    Kinetic En.   Total Energy  Conserved En.    Temperature
   -5.73458e+05    9.49774e+04   -4.78480e+05   -4.75098e+05    2.99541e+02
 Pres. DC (bar) Pressure (bar)   Constr. rmsd
   -2.28118e+02   -3.30093e+02    2.97717e-06

           Step           Time
         365000      730.00000

   Energies (kJ/mol)
           Bond          Angle    Proper Dih. Ryckaert-Bell.          LJ-14
    1.96782e+03    5.25017e+03    3.17295e+02    2.69763e+03    3.51396e+03
     Coulomb-14        LJ (SR)  Disper. corr.   Coulomb (SR)   Coul. recip.
    1.37445e+04    1.00760e+05   -5.12629e+03   -7.01340e+05    3.17949e+03
      Potential    Kinetic En.   Total Energy  Conserved En.    Temperature
   -5.75036e+05    9.48724e+04   -4.80163e+05   -4.75085e+05    2.99210e+02
 Pres. DC (bar) Pressure (bar)   Constr. rmsd
   -2.29399e+02    8.43011e+00    2.68612e-06

           Step           Time
         370000      740.00000

   Energies (kJ/mol)
           Bond          Angle    Proper Dih. Ryckaert-Bell.          LJ-14
    1.84754e+03    5.32664e+03    3.56167e+02    2.71867e+03    3.55899e+03
     Coulomb-14        LJ (SR)  Disper. corr.   Coulomb (SR)   Coul. recip.
    1.36502e+04    1.00767e+05   -5.13223e+03   -7.01079e+05    3.24035e+03
      Potential    Kinetic En.   Total Energy  Conserved En.    Temperature
   -5.74745e+05    9.47495e+04   -4.79995e+05   -4.75030e+05    2.98822e+02
 Pres. DC (bar) Pressure (bar)   Constr. rmsd
   -2.29930e+02    7.25740e+01    2.79360e-06

           Step           Time
         375000      750.00000

   Energies (kJ/mol)
           Bond          Angle    Proper Dih. Ryckaert-Bell.          LJ-14
    1.95598e+03    5.34113e+03    3.13537e+02    2.68072e+03    3.54451e+03
     Coulomb-14        LJ (SR)  Disper. corr.   Coulomb (SR)   Coul. recip.
    1.36956e+04    1.00778e+05   -5.13481e+03   -7.00530e+05    3.23356e+03
      Potential    Kinetic En.   Total Energy  Conserved En.    Temperature
   -5.74122e+05    9.41920e+04   -4.79930e+05   -4.74984e+05    2.97064e+02
 Pres. DC (bar) Pressure (bar)   Constr. rmsd
   -2.30161e+02   -1.78036e+00    3.16204e-06

           Step           Time
         380000      760.00000

   Energies (kJ/mol)
           Bond          Angle    Proper Dih. Ryckaert-Bell.          LJ-14
    1.94441e+03    5.51610e+03    3.01270e+02    2.56571e+03    3.55167e+03
     Coulomb-14        LJ (SR)  Disper. corr.   Coulomb (SR)   Coul. recip.
    1.36647e+04    1.02602e+05   -5.14672e+03   -7.03526e+05    3.22887e+03
      Potential    Kinetic En.   Total Energy  Conserved En.    Temperature
   -5.75297e+05    9.49156e+04   -4.80382e+05   -4.74979e+05    2.99346e+02
 Pres. DC (bar) Pressure (bar)   Constr. rmsd
   -2.31229e+02    2.21729e+02    3.04166e-06

Writing checkpoint, step 383350 at Sat Oct 10 18:15:36 2020


           Step           Time
         385000      770.00000

   Energies (kJ/mol)
           Bond          Angle    Proper Dih. Ryckaert-Bell.          LJ-14
    1.98651e+03    5.40724e+03    3.63197e+02    2.72008e+03    3.51474e+03
     Coulomb-14        LJ (SR)  Disper. corr.   Coulomb (SR)   Coul. recip.
    1.37896e+04    1.00390e+05   -5.14308e+03   -7.00672e+05    3.32860e+03
      Potential    Kinetic En.   Total Energy  Conserved En.    Temperature
   -5.74315e+05    9.49884e+04   -4.79327e+05   -4.74949e+05    2.99576e+02
 Pres. DC (bar) Pressure (bar)   Constr. rmsd
   -2.30902e+02   -6.65942e+01    2.79645e-06

           Step           Time
         390000      780.00000

   Energies (kJ/mol)
           Bond          Angle    Proper Dih. Ryckaert-Bell.          LJ-14
    1.91145e+03    5.14663e+03    2.98091e+02    2.65656e+03    3.41474e+03
     Coulomb-14        LJ (SR)  Disper. corr.   Coulomb (SR)   Coul. recip.
    1.37777e+04    1.02148e+05   -5.13427e+03   -7.03629e+05    3.25171e+03
      Potential    Kinetic En.   Total Energy  Conserved En.    Temperature
   -5.76159e+05    9.36103e+04   -4.82548e+05   -4.74906e+05    2.95230e+02
 Pres. DC (bar) Pressure (bar)   Constr. rmsd
   -2.30112e+02    1.29045e+01    2.92658e-06

           Step           Time
         395000      790.00000

   Energies (kJ/mol)
           Bond          Angle    Proper Dih. Ryckaert-Bell.          LJ-14
    2.06307e+03    5.24127e+03    3.15304e+02    2.82496e+03    3.49700e+03
     Coulomb-14        LJ (SR)  Disper. corr.   Coulomb (SR)   Coul. recip.
    1.37243e+04    9.98008e+04   -5.10719e+03   -6.98907e+05    3.32492e+03
      Potential    Kinetic En.   Total Energy  Conserved En.    Temperature
   -5.73222e+05    9.53318e+04   -4.77890e+05   -4.74856e+05    3.00659e+02
 Pres. DC (bar) Pressure (bar)   Constr. rmsd
   -2.27695e+02   -2.35913e+02    2.70573e-06

           Step           Time
         400000      800.00000

   Energies (kJ/mol)
           Bond          Angle    Proper Dih. Ryckaert-Bell.          LJ-14
    1.93107e+03    5.40688e+03    3.19566e+02    2.75985e+03    3.48181e+03
     Coulomb-14        LJ (SR)  Disper. corr.   Coulomb (SR)   Coul. recip.
    1.37360e+04    1.01702e+05   -5.12792e+03   -7.01804e+05    3.21630e+03
      Potential    Kinetic En.   Total Energy  Conserved En.    Temperature
   -5.74378e+05    9.52595e+04   -4.79119e+05   -4.74824e+05    3.00431e+02
 Pres. DC (bar) Pressure (bar)   Constr. rmsd
   -2.29544e+02   -2.00905e+01    3.07429e-06

           Step           Time
         405000      810.00000

   Energies (kJ/mol)
           Bond          Angle    Proper Dih. Ryckaert-Bell.          LJ-14
    1.84310e+03    5.41506e+03    2.97446e+02    2.65848e+03    3.54929e+03
     Coulomb-14        LJ (SR)  Disper. corr.   Coulomb (SR)   Coul. recip.
    1.37309e+04    1.01040e+05   -5.10499e+03   -7.01637e+05    3.21055e+03
      Potential    Kinetic En.   Total Energy  Conserved En.    Temperature
   -5.74997e+05    9.49925e+04   -4.80005e+05   -4.74794e+05    2.99589e+02
 Pres. DC (bar) Pressure (bar)   Constr. rmsd
   -2.27499e+02    2.06218e+01    2.98572e-06

           Step           Time
         410000      820.00000

   Energies (kJ/mol)
           Bond          Angle    Proper Dih. Ryckaert-Bell.          LJ-14
    2.05136e+03    5.22476e+03    2.73010e+02    2.76785e+03    3.44865e+03
     Coulomb-14        LJ (SR)  Disper. corr.   Coulomb (SR)   Coul. recip.
    1.36914e+04    9.98152e+04   -5.14929e+03   -6.99763e+05    3.21741e+03
      Potential    Kinetic En.   Total Energy  Conserved En.    Temperature
   -5.74423e+05    9.47421e+04   -4.79681e+05   -4.74771e+05    2.98799e+02
 Pres. DC (bar) Pressure (bar)   Constr. rmsd
   -2.31459e+02   -1.21455e+02    2.94196e-06

Writing checkpoint, step 413400 at Sat Oct 10 18:30:36 2020


           Step           Time
         415000      830.00000

   Energies (kJ/mol)
           Bond          Angle    Proper Dih. Ryckaert-Bell.          LJ-14
    2.02888e+03    5.22104e+03    3.19726e+02    2.69399e+03    3.44819e+03
     Coulomb-14        LJ (SR)  Disper. corr.   Coulomb (SR)   Coul. recip.
    1.37080e+04    1.00635e+05   -5.13359e+03   -7.01211e+05    3.24909e+03
      Potential    Kinetic En.   Total Energy  Conserved En.    Temperature
   -5.75040e+05    9.48944e+04   -4.80146e+05   -4.74739e+05    2.99280e+02
 Pres. DC (bar) Pressure (bar)   Constr. rmsd
   -2.30052e+02   -8.53260e+01    3.12926e-06

           Step           Time
         420000      840.00000

   Energies (kJ/mol)
           Bond          Angle    Proper Dih. Ryckaert-Bell.          LJ-14
    2.25389e+03    5.67279e+03    3.03233e+02    2.75416e+03    3.41380e+03
     Coulomb-14        LJ (SR)  Disper. corr.   Coulomb (SR)   Coul. recip.
    1.36924e+04    1.00486e+05   -5.14642e+03   -6.98943e+05    3.28220e+03
      Potential    Kinetic En.   Total Energy  Conserved En.    Temperature
   -5.72230e+05    9.55935e+04   -4.76637e+05   -4.74658e+05    3.01484e+02
 Pres. DC (bar) Pressure (bar)   Constr. rmsd
   -2.31202e+02   -9.01539e+01    2.74285e-06

           Step           Time
         425000      850.00000

   Energies (kJ/mol)
           Bond          Angle    Proper Dih. Ryckaert-Bell.          LJ-14
    2.01449e+03    5.35996e+03    3.30215e+02    2.84596e+03    3.49904e+03
     Coulomb-14        LJ (SR)  Disper. corr.   Coulomb (SR)   Coul. recip.
    1.37579e+04    1.00506e+05   -5.11888e+03   -6.99893e+05    3.26365e+03
      Potential    Kinetic En.   Total Energy  Conserved En.    Temperature
   -5.73434e+05    9.49362e+04   -4.78498e+05   -4.74655e+05    2.99411e+02
 Pres. DC (bar) Pressure (bar)   Constr. rmsd
   -2.28736e+02   -1.24559e+02    2.92400e-06

           Step           Time
         430000      860.00000

   Energies (kJ/mol)
           Bond          Angle    Proper Dih. Ryckaert-Bell.          LJ-14
    1.90894e+03    5.40597e+03    2.91614e+02    2.71464e+03    3.53550e+03
     Coulomb-14        LJ (SR)  Disper. corr.   Coulomb (SR)   Coul. recip.
    1.38155e+04    1.01206e+05   -5.12548e+03   -7.02005e+05    3.23251e+03
      Potential    Kinetic En.   Total Energy  Conserved En.    Temperature
   -5.75019e+05    9.45936e+04   -4.80426e+05   -4.74620e+05    2.98331e+02
 Pres. DC (bar) Pressure (bar)   Constr. rmsd
   -2.29326e+02   -1.89699e+01    2.65495e-06

           Step           Time
         435000      870.00000

   Energies (kJ/mol)
           Bond          Angle    Proper Dih. Ryckaert-Bell.          LJ-14
    1.89357e+03    5.43296e+03    3.04894e+02    2.73528e+03    3.47812e+03
     Coulomb-14        LJ (SR)  Disper. corr.   Coulomb (SR)   Coul. recip.
    1.36537e+04    9.94416e+04   -5.13290e+03   -6.99290e+05    3.23077e+03
      Potential    Kinetic En.   Total Energy  Conserved En.    Temperature
   -5.74252e+05    9.47365e+04   -4.79516e+05   -4.74577e+05    2.98781e+02
 Pres. DC (bar) Pressure (bar)   Constr. rmsd
   -2.29990e+02   -2.41490e+02    2.81502e-06

           Step           Time
         440000      880.00000

   Energies (kJ/mol)
           Bond          Angle    Proper Dih. Ryckaert-Bell.          LJ-14
    2.05907e+03    5.25527e+03    3.21702e+02    2.67897e+03    3.52498e+03
     Coulomb-14        LJ (SR)  Disper. corr.   Coulomb (SR)   Coul. recip.
    1.37601e+04    1.01469e+05   -5.13114e+03   -7.01164e+05    3.23972e+03
      Potential    Kinetic En.   Total Energy  Conserved En.    Temperature
   -5.73986e+05    9.48757e+04   -4.79111e+05   -4.74537e+05    2.99220e+02
 Pres. DC (bar) Pressure (bar)   Constr. rmsd
   -2.29832e+02    1.19492e+02    3.19903e-06

Writing checkpoint, step 443500 at Sat Oct 10 18:45:36 2020


           Step           Time
         445000      890.00000

   Energies (kJ/mol)
           Bond          Angle    Proper Dih. Ryckaert-Bell.          LJ-14
    1.90668e+03    5.44571e+03    2.72618e+02    2.75376e+03    3.47647e+03
     Coulomb-14        LJ (SR)  Disper. corr.   Coulomb (SR)   Coul. recip.
    1.38808e+04    9.96626e+04   -5.14561e+03   -6.99060e+05    3.32727e+03
      Potential    Kinetic En.   Total Energy  Conserved En.    Temperature
   -5.73480e+05    9.47940e+04   -4.78685e+05   -4.74517e+05    2.98963e+02
 Pres. DC (bar) Pressure (bar)   Constr. rmsd
   -2.31129e+02   -1.76486e+02    2.61451e-06

           Step           Time
         450000      900.00000

   Energies (kJ/mol)
           Bond          Angle    Proper Dih. Ryckaert-Bell.          LJ-14
    1.91841e+03    5.31949e+03    2.60442e+02    2.91267e+03    3.53440e+03
     Coulomb-14        LJ (SR)  Disper. corr.   Coulomb (SR)   Coul. recip.
    1.37893e+04    1.02496e+05   -5.13666e+03   -7.03259e+05    3.24465e+03
      Potential    Kinetic En.   Total Energy  Conserved En.    Temperature
   -5.74920e+05    9.48643e+04   -4.80056e+05   -4.74495e+05    2.99184e+02
 Pres. DC (bar) Pressure (bar)   Constr. rmsd
   -2.30326e+02    2.45448e+02    2.98946e-06

           Step           Time
         455000      910.00000

   Energies (kJ/mol)
           Bond          Angle    Proper Dih. Ryckaert-Bell.          LJ-14
    2.06435e+03    5.66285e+03    2.90970e+02    2.76738e+03    3.50119e+03
     Coulomb-14        LJ (SR)  Disper. corr.   Coulomb (SR)   Coul. recip.
    1.37417e+04    1.00769e+05   -5.12667e+03   -7.00132e+05    3.31155e+03
      Potential    Kinetic En.   Total Energy  Conserved En.    Temperature
   -5.73150e+05    9.55963e+04   -4.77554e+05   -4.74454e+05    3.01493e+02
 Pres. DC (bar) Pressure (bar)   Constr. rmsd
   -2.29433e+02   -2.66964e+01    3.01122e-06

           Step           Time
         460000      920.00000

   Energies (kJ/mol)
           Bond          Angle    Proper Dih. Ryckaert-Bell.          LJ-14
    1.90039e+03    5.38269e+03    3.90404e+02    2.80077e+03    3.53491e+03
     Coulomb-14        LJ (SR)  Disper. corr.   Coulomb (SR)   Coul. recip.
    1.37206e+04    1.00347e+05   -5.11813e+03   -6.99446e+05    3.11629e+03
      Potential    Kinetic En.   Total Energy  Conserved En.    Temperature
   -5.73372e+05    9.50947e+04   -4.78277e+05   -4.74443e+05    2.99911e+02
 Pres. DC (bar) Pressure (bar)   Constr. rmsd
   -2.28669e+02   -2.80090e+00    2.85086e-06

           Step           Time
         465000      930.00000

   Energies (kJ/mol)
           Bond          Angle    Proper Dih. Ryckaert-Bell.          LJ-14
    2.05819e+03    5.17017e+03    3.62594e+02    2.85943e+03    3.48968e+03
     Coulomb-14        LJ (SR)  Disper. corr.   Coulomb (SR)   Coul. recip.
    1.37327e+04    1.01182e+05   -5.11656e+03   -7.00371e+05    3.29336e+03
      Potential    Kinetic En.   Total Energy  Conserved En.    Temperature
   -5.73339e+05    9.54972e+04   -4.77842e+05   -4.74407e+05    3.01180e+02
 Pres. DC (bar) Pressure (bar)   Constr. rmsd
   -2.28530e+02   -2.49117e+00    3.23705e-06

           Step           Time
         470000      940.00000

   Energies (kJ/mol)
           Bond          Angle    Proper Dih. Ryckaert-Bell.          LJ-14
    1.99081e+03    5.26067e+03    2.97796e+02    2.69177e+03    3.53298e+03
     Coulomb-14        LJ (SR)  Disper. corr.   Coulomb (SR)   Coul. recip.
    1.37390e+04    1.00822e+05   -5.12303e+03   -7.01271e+05    3.20845e+03
      Potential    Kinetic En.   Total Energy  Conserved En.    Temperature
   -5.74851e+05    9.54578e+04   -4.79393e+05   -4.74369e+05    3.01056e+02
 Pres. DC (bar) Pressure (bar)   Constr. rmsd
   -2.29107e+02   -7.64381e+01    2.88167e-06

Writing checkpoint, step 473250 at Sat Oct 10 19:00:36 2020


           Step           Time
         475000      950.00000

   Energies (kJ/mol)
           Bond          Angle    Proper Dih. Ryckaert-Bell.          LJ-14
    2.04243e+03    5.41149e+03    2.90620e+02    2.66218e+03    3.46267e+03
     Coulomb-14        LJ (SR)  Disper. corr.   Coulomb (SR)   Coul. recip.
    1.37612e+04    1.01961e+05   -5.14344e+03   -7.01946e+05    3.27962e+03
      Potential    Kinetic En.   Total Energy  Conserved En.    Temperature
   -5.74218e+05    9.55651e+04   -4.78652e+05   -4.74313e+05    3.01395e+02
 Pres. DC (bar) Pressure (bar)   Constr. rmsd
   -2.30934e+02    1.86948e+02    2.97341e-06

           Step           Time
         480000      960.00000

   Energies (kJ/mol)
           Bond          Angle    Proper Dih. Ryckaert-Bell.          LJ-14
    1.91576e+03    5.43307e+03    3.01904e+02    2.66564e+03    3.49661e+03
     Coulomb-14        LJ (SR)  Disper. corr.   Coulomb (SR)   Coul. recip.
    1.37016e+04    1.01086e+05   -5.10549e+03   -7.00191e+05    3.20889e+03
      Potential    Kinetic En.   Total Energy  Conserved En.    Temperature
   -5.73487e+05    9.47567e+04   -4.78730e+05   -4.74266e+05    2.98845e+02
 Pres. DC (bar) Pressure (bar)   Constr. rmsd
   -2.27543e+02   -3.07763e+01    3.03543e-06

           Step           Time
         485000      970.00000

   Energies (kJ/mol)
           Bond          Angle    Proper Dih. Ryckaert-Bell.          LJ-14
    2.08221e+03    5.20358e+03    3.28076e+02    2.82086e+03    3.57076e+03
     Coulomb-14        LJ (SR)  Disper. corr.   Coulomb (SR)   Coul. recip.
    1.36689e+04    1.00457e+05   -5.13266e+03   -6.99938e+05    3.22638e+03
      Potential    Kinetic En.   Total Energy  Conserved En.    Temperature
   -5.73714e+05    9.48515e+04   -4.78862e+05   -4.74224e+05    2.99144e+02
 Pres. DC (bar) Pressure (bar)   Constr. rmsd
   -2.29969e+02   -4.26926e+01    3.12364e-06

           Step           Time
         490000      980.00000

   Energies (kJ/mol)
           Bond          Angle    Proper Dih. Ryckaert-Bell.          LJ-14
    1.95772e+03    5.32196e+03    3.00320e+02    2.75006e+03    3.53884e+03
     Coulomb-14        LJ (SR)  Disper. corr.   Coulomb (SR)   Coul. recip.
    1.38273e+04    1.01578e+05   -5.13135e+03   -7.02031e+05    3.24490e+03
      Potential    Kinetic En.   Total Energy  Conserved En.    Temperature
   -5.74644e+05    9.47103e+04   -4.79933e+05   -4.74194e+05    2.98699e+02
 Pres. DC (bar) Pressure (bar)   Constr. rmsd
   -2.29851e+02   -1.05638e+02    2.83923e-06

           Step           Time
         495000      990.00000

   Energies (kJ/mol)
           Bond          Angle    Proper Dih. Ryckaert-Bell.          LJ-14
    2.09811e+03    5.41200e+03    2.93375e+02    2.75452e+03    3.52712e+03
     Coulomb-14        LJ (SR)  Disper. corr.   Coulomb (SR)   Coul. recip.
    1.37986e+04    1.01025e+05   -5.13507e+03   -7.00770e+05    3.18808e+03
      Potential    Kinetic En.   Total Energy  Conserved En.    Temperature
   -5.73808e+05    9.53199e+04   -4.78488e+05   -4.74164e+05    3.00621e+02
 Pres. DC (bar) Pressure (bar)   Constr. rmsd
   -2.30184e+02   -1.90640e+01    3.14816e-06

           Step           Time
         500000     1000.00000

Writing checkpoint, step 500000 at Sat Oct 10 19:14:02 2020


   Energies (kJ/mol)
           Bond          Angle    Proper Dih. Ryckaert-Bell.          LJ-14
    1.93651e+03    5.18982e+03    3.04119e+02    2.82450e+03    3.44450e+03
     Coulomb-14        LJ (SR)  Disper. corr.   Coulomb (SR)   Coul. recip.
    1.37123e+04    1.02125e+05   -5.14901e+03   -7.02312e+05    3.25070e+03
      Potential    Kinetic En.   Total Energy  Conserved En.    Temperature
   -5.74674e+05    9.48307e+04   -4.79844e+05   -4.74129e+05    2.99079e+02
 Pres. DC (bar) Pressure (bar)   Constr. rmsd
   -2.31434e+02    1.29681e+02    2.52529e-06


	<======  ###############  ==>
	<====  A V E R A G E S  ====>
	<==  ###############  ======>

	Statistics over 500001 steps using 5001 frames

   Energies (kJ/mol)
           Bond          Angle    Proper Dih. Ryckaert-Bell.          LJ-14
    1.96874e+03    5.32275e+03    3.11111e+02    2.71297e+03    3.51781e+03
     Coulomb-14        LJ (SR)  Disper. corr.   Coulomb (SR)   Coul. recip.
    1.36855e+04    1.00898e+05   -5.13142e+03   -7.00723e+05    3.24506e+03
      Potential    Kinetic En.   Total Energy  Conserved En.    Temperature
   -5.74193e+05    9.51335e+04   -4.79059e+05   -4.75921e+05    3.00033e+02
 Pres. DC (bar) Pressure (bar)   Constr. rmsd
   -2.29859e+02    8.74212e-01    0.00000e+00

          Box-X          Box-Y          Box-Z
    7.18645e+00    7.18645e+00    7.18645e+00

   Total Virial (kJ/mol)
    3.17492e+04    3.75589e+01    3.65558e+01
    3.79533e+01    3.17176e+04    8.82093e+00
    3.67093e+01    8.78487e+00    3.16421e+04

   Pressure (bar)
   -1.69390e+00   -1.84544e+00   -3.87471e+00
   -1.88079e+00   -1.04421e+00   -6.15052e-01
   -3.88844e+00   -6.11781e-01    5.36075e+00

      T-Protein  T-non-Protein
    3.00222e+02    3.00015e+02


	M E G A - F L O P S   A C C O U N T I N G

 NB=Group-cutoff nonbonded kernels    NxN=N-by-N cluster Verlet kernels
 RF=Reaction-Field  VdW=Van der Waals  QSTab=quadratic-spline table
 W3=SPC/TIP3p  W4=TIP4p (single or pairs)
 V&F=Potential and force  V=Potential only  F=Force only

 Computing:                               M-Number         M-Flops  % Flops
-----------------------------------------------------------------------------
 Pair Search distance check          129348.721284     1164138.492     0.3
 NxN QSTab Elec. + LJ [F]           5064368.798568   207639120.741    52.9
 NxN QSTab Elec. + LJ [V&F]           51165.022152     3018736.307     0.8
 NxN QSTab Elec. [F]                4363717.500872   148366395.030    37.8
 NxN QSTab Elec. [V&F]                44085.911384     1807522.367     0.5
 1,4 nonbonded interactions            3506.507013      315585.631     0.1
 Calc Weights                         56202.112404     2023276.047     0.5
 Spread Q Bspline                   1198978.397952     2397956.796     0.6
 Gather F Bspline                   1198978.397952     7193870.388     1.8
 3D-FFT                             1852959.705912    14823677.647     3.8
 Solve PME                             1152.002304       73728.147     0.0
 Shift-X                                374.717468        2248.305     0.0
 Bonds                                  683.501367       40326.581     0.0
 Angles                                2437.504875      409500.819     0.1
 Propers                                273.500547       62631.625     0.0
 RB-Dihedrals                          2749.505499      679127.858     0.2
 Virial                                1875.687513       33762.375     0.0
 Stop-CM                                187.377468        1873.775     0.0
 Calc-Ekin                             3746.874936      101165.623     0.0
 Lincs                                  666.501333       39990.080     0.0
 Lincs-Mat                             3498.006996       13992.028     0.0
 Constraint-V                         18731.537463      149852.300     0.0
 Constraint-Vir                        1806.536130       43356.867     0.0
 Settle                                5799.511599     1873242.246     0.5
-----------------------------------------------------------------------------
 Total                                               392275078.075   100.0
-----------------------------------------------------------------------------


     R E A L   C Y C L E   A N D   T I M E   A C C O U N T I N G

On 1 MPI rank, each using 2 OpenMP threads

 Computing:          Num   Num      Call    Wall time         Giga-Cycles
                     Ranks Threads  Count      (s)         total sum    %
-----------------------------------------------------------------------------
 Neighbor search        1    2      10001     406.060       1701.442   2.7
 Force                  1    2     500001   12740.042      53382.316  83.8
 PME mesh               1    2     500001    1730.273       7250.054  11.4
 NB X/F buffer ops.     1    2     990001      99.077        415.146   0.7
 Write traj.            1    2        116       0.517          2.167   0.0
 Update                 1    2     500001      40.879        171.290   0.3
 Constraints            1    2     500001     163.157        683.648   1.1
 Rest                                          26.732        112.012   0.2
-----------------------------------------------------------------------------
 Total                                      15206.739      63718.077 100.0
-----------------------------------------------------------------------------
 Breakdown of PME mesh computation
-----------------------------------------------------------------------------
 PME spread             1    2     500001     600.445       2515.935   3.9
 PME gather             1    2     500001     799.240       3348.913   5.3
 PME 3D-FFT             1    2    1000002     258.412       1082.779   1.7
 PME solve Elec         1    2     500001      71.110        297.958   0.5
-----------------------------------------------------------------------------

               Core t (s)   Wall t (s)        (%)
       Time:    30413.478    15206.739      200.0
                         4h13:26
                 (ns/day)    (hour/ns)
Performance:        5.682        4.224
Finished mdrun on rank 0 Sat Oct 10 19:14:02 2020

