              :-) GROMACS - gmx mdrun, 2020.1-Ubuntu-2020.1-1 (-:

                            GROMACS is written by:
     Emile Apol      Rossen Apostolov      Paul Bauer     Herman J.C. Berendsen
    Par Bjelkmar      Christian Blau   Viacheslav Bolnykh     Kevin Boyd    
 Aldert van Buuren   Rudi van Drunen     Anton Feenstra       Alan Gray     
  Gerrit Groenhof     Anca Hamuraru    Vincent Hindriksen  M. Eric Irrgang  
  Aleksei Iupinov   Christoph Junghans     Joe Jordan     Dimitrios Karkoulis
    Peter Kasson        Jiri Kraus      Carsten Kutzner      Per Larsson    
  Justin A. Lemkul    Viveca Lindahl    Magnus Lundborg     Erik Marklund   
    Pascal Merz     Pieter Meulenhoff    Teemu Murtola       Szilard Pall   
    Sander Pronk      Roland Schulz      Michael Shirts    Alexey Shvetsov  
   Alfons Sijbers     Peter Tieleman      Jon Vincent      Teemu Virolainen 
 Christian Wennberg    Maarten Wolf      Artem Zhmurov   
                           and the project leaders:
        Mark Abraham, Berk Hess, Erik Lindahl, and David van der Spoel

Copyright (c) 1991-2000, University of Groningen, The Netherlands.
Copyright (c) 2001-2019, The GROMACS development team at
Uppsala University, Stockholm University and
the Royal Institute of Technology, Sweden.
check out http://www.gromacs.org for more information.

GROMACS is free software; you can redistribute it and/or modify it
under the terms of the GNU Lesser General Public License
as published by the Free Software Foundation; either version 2.1
of the License, or (at your option) any later version.

GROMACS:      gmx mdrun, version 2020.1-Ubuntu-2020.1-1
Executable:   /usr/bin/gmx
Data prefix:  /usr
Working dir:  /home/runner/work/gromacs-workflow/gromacs-workflow
Process ID:   79414
Command line:
  gmx mdrun -deffnm nvt

GROMACS version:    2020.1-Ubuntu-2020.1-1
Precision:          single
Memory model:       64 bit
MPI library:        thread_mpi
OpenMP support:     enabled (GMX_OPENMP_MAX_THREADS = 64)
GPU support:        disabled
SIMD instructions:  SSE2
FFT library:        fftw-3.3.8-sse2-avx
RDTSCP usage:       disabled
TNG support:        enabled
Hwloc support:      hwloc-2.1.0
Tracing support:    disabled
C compiler:         /usr/bin/cc GNU 9.3.0
C compiler flags:   -msse2 -fexcess-precision=fast -funroll-all-loops
C++ compiler:       /usr/bin/c++ GNU 9.3.0
C++ compiler flags: -msse2 -fexcess-precision=fast -funroll-all-loops -fopenmp


Running on 1 node with total 2 cores, 2 logical cores
Hardware detected:
  CPU info:
    Vendor: Intel
    Brand:  Intel(R) Xeon(R) Platinum 8171M CPU @ 2.60GHz
    Family: 6   Model: 85   Stepping: 4
    Features: aes apic avx avx2 avx512f avx512cd avx512bw avx512vl clfsh cmov cx8 cx16 f16c fma hle intel lahf mmx msr pcid pclmuldq pdpe1gb popcnt pse rdrnd rdtscp rtm sse2 sse3 sse4.1 sse4.2 ssse3
    Number of AVX-512 FMA units: Cannot run AVX-512 detection - assuming 2
  Hardware topology: Full, with devices
    Sockets, cores, and logical processors:
      Socket  0: [   0] [   1]
    Numa nodes:
      Node  0 (7292190720 bytes mem):   0   1
      Latency:
               0
         0  1.00
    Caches:
      L1: 32768 bytes, linesize 64 bytes, assoc. 8, shared 1 ways
      L2: 1048576 bytes, linesize 64 bytes, assoc. 16, shared 1 ways
      L3: 37486592 bytes, linesize 64 bytes, assoc. 11, shared 2 ways
    PCI devices:
      0000:00:07.1  Id: 8086:7111  Class: 0x0101  Numa: 0
      0000:00:08.0  Id: 1414:5353  Class: 0x0300  Numa: 0

Highest SIMD level requested by all nodes in run: AVX_512
SIMD instructions selected at compile time:       SSE2
This program was compiled for different hardware than you are running on,
which could influence performance.
The current CPU can measure timings more accurately than the code in
gmx mdrun was configured to use. This might affect your simulation
speed as accurate timings are needed for load-balancing.
Please consider rebuilding gmx mdrun with the GMX_USE_RDTSCP=ON CMake option.

++++ PLEASE READ AND CITE THE FOLLOWING REFERENCE ++++
M. J. Abraham, T. Murtola, R. Schulz, S. Páll, J. C. Smith, B. Hess, E.
Lindahl
GROMACS: High performance molecular simulations through multi-level
parallelism from laptops to supercomputers
SoftwareX 1 (2015) pp. 19-25
-------- -------- --- Thank You --- -------- --------


++++ PLEASE READ AND CITE THE FOLLOWING REFERENCE ++++
S. Páll, M. J. Abraham, C. Kutzner, B. Hess, E. Lindahl
Tackling Exascale Software Challenges in Molecular Dynamics Simulations with
GROMACS
In S. Markidis & E. Laure (Eds.), Solving Software Challenges for Exascale 8759 (2015) pp. 3-27
-------- -------- --- Thank You --- -------- --------


++++ PLEASE READ AND CITE THE FOLLOWING REFERENCE ++++
S. Pronk, S. Páll, R. Schulz, P. Larsson, P. Bjelkmar, R. Apostolov, M. R.
Shirts, J. C. Smith, P. M. Kasson, D. van der Spoel, B. Hess, and E. Lindahl
GROMACS 4.5: a high-throughput and highly parallel open source molecular
simulation toolkit
Bioinformatics 29 (2013) pp. 845-54
-------- -------- --- Thank You --- -------- --------


++++ PLEASE READ AND CITE THE FOLLOWING REFERENCE ++++
B. Hess and C. Kutzner and D. van der Spoel and E. Lindahl
GROMACS 4: Algorithms for highly efficient, load-balanced, and scalable
molecular simulation
J. Chem. Theory Comput. 4 (2008) pp. 435-447
-------- -------- --- Thank You --- -------- --------


++++ PLEASE READ AND CITE THE FOLLOWING REFERENCE ++++
D. van der Spoel, E. Lindahl, B. Hess, G. Groenhof, A. E. Mark and H. J. C.
Berendsen
GROMACS: Fast, Flexible and Free
J. Comp. Chem. 26 (2005) pp. 1701-1719
-------- -------- --- Thank You --- -------- --------


++++ PLEASE READ AND CITE THE FOLLOWING REFERENCE ++++
E. Lindahl and B. Hess and D. van der Spoel
GROMACS 3.0: A package for molecular simulation and trajectory analysis
J. Mol. Mod. 7 (2001) pp. 306-317
-------- -------- --- Thank You --- -------- --------


++++ PLEASE READ AND CITE THE FOLLOWING REFERENCE ++++
H. J. C. Berendsen, D. van der Spoel and R. van Drunen
GROMACS: A message-passing parallel molecular dynamics implementation
Comp. Phys. Comm. 91 (1995) pp. 43-56
-------- -------- --- Thank You --- -------- --------

Input Parameters:
   integrator                     = md
   tinit                          = 0
   dt                             = 0.002
   nsteps                         = 50000
   init-step                      = 0
   simulation-part                = 1
   comm-mode                      = Linear
   nstcomm                        = 100
   bd-fric                        = 0
   ld-seed                        = -356708972
   emtol                          = 10
   emstep                         = 0.01
   niter                          = 20
   fcstep                         = 0
   nstcgsteep                     = 1000
   nbfgscorr                      = 10
   rtpi                           = 0.05
   nstxout                        = 500
   nstvout                        = 500
   nstfout                        = 0
   nstlog                         = 500
   nstcalcenergy                  = 100
   nstenergy                      = 500
   nstxout-compressed             = 0
   compressed-x-precision         = 1000
   cutoff-scheme                  = Verlet
   nstlist                        = 10
   pbc                            = xyz
   periodic-molecules             = false
   verlet-buffer-tolerance        = 0.005
   rlist                          = 1
   coulombtype                    = PME
   coulomb-modifier               = Potential-shift
   rcoulomb-switch                = 0
   rcoulomb                       = 1
   epsilon-r                      = 1
   epsilon-rf                     = inf
   vdw-type                       = Cut-off
   vdw-modifier                   = Potential-shift
   rvdw-switch                    = 0
   rvdw                           = 1
   DispCorr                       = EnerPres
   table-extension                = 1
   fourierspacing                 = 0.16
   fourier-nx                     = 48
   fourier-ny                     = 48
   fourier-nz                     = 48
   pme-order                      = 4
   ewald-rtol                     = 1e-05
   ewald-rtol-lj                  = 0.001
   lj-pme-comb-rule               = Geometric
   ewald-geometry                 = 0
   epsilon-surface                = 0
   tcoupl                         = V-rescale
   nsttcouple                     = 10
   nh-chain-length                = 0
   print-nose-hoover-chain-variables = false
   pcoupl                         = No
   pcoupltype                     = Isotropic
   nstpcouple                     = -1
   tau-p                          = 1
   compressibility (3x3):
      compressibility[    0]={ 0.00000e+00,  0.00000e+00,  0.00000e+00}
      compressibility[    1]={ 0.00000e+00,  0.00000e+00,  0.00000e+00}
      compressibility[    2]={ 0.00000e+00,  0.00000e+00,  0.00000e+00}
   ref-p (3x3):
      ref-p[    0]={ 0.00000e+00,  0.00000e+00,  0.00000e+00}
      ref-p[    1]={ 0.00000e+00,  0.00000e+00,  0.00000e+00}
      ref-p[    2]={ 0.00000e+00,  0.00000e+00,  0.00000e+00}
   refcoord-scaling               = No
   posres-com (3):
      posres-com[0]= 0.00000e+00
      posres-com[1]= 0.00000e+00
      posres-com[2]= 0.00000e+00
   posres-comB (3):
      posres-comB[0]= 0.00000e+00
      posres-comB[1]= 0.00000e+00
      posres-comB[2]= 0.00000e+00
   QMMM                           = false
   QMconstraints                  = 0
   QMMMscheme                     = 0
   MMChargeScaleFactor            = 1
qm-opts:
   ngQM                           = 0
   constraint-algorithm           = Lincs
   continuation                   = false
   Shake-SOR                      = false
   shake-tol                      = 0.0001
   lincs-order                    = 4
   lincs-iter                     = 1
   lincs-warnangle                = 30
   nwall                          = 0
   wall-type                      = 9-3
   wall-r-linpot                  = -1
   wall-atomtype[0]               = -1
   wall-atomtype[1]               = -1
   wall-density[0]                = 0
   wall-density[1]                = 0
   wall-ewald-zfac                = 3
   pull                           = false
   awh                            = false
   rotation                       = false
   interactiveMD                  = false
   disre                          = No
   disre-weighting                = Conservative
   disre-mixed                    = false
   dr-fc                          = 1000
   dr-tau                         = 0
   nstdisreout                    = 100
   orire-fc                       = 0
   orire-tau                      = 0
   nstorireout                    = 100
   free-energy                    = no
   cos-acceleration               = 0
   deform (3x3):
      deform[    0]={ 0.00000e+00,  0.00000e+00,  0.00000e+00}
      deform[    1]={ 0.00000e+00,  0.00000e+00,  0.00000e+00}
      deform[    2]={ 0.00000e+00,  0.00000e+00,  0.00000e+00}
   simulated-tempering            = false
   swapcoords                     = no
   userint1                       = 0
   userint2                       = 0
   userint3                       = 0
   userint4                       = 0
   userreal1                      = 0
   userreal2                      = 0
   userreal3                      = 0
   userreal4                      = 0
   applied-forces:
     electric-field:
       x:
         E0                       = 0
         omega                    = 0
         t0                       = 0
         sigma                    = 0
       y:
         E0                       = 0
         omega                    = 0
         t0                       = 0
         sigma                    = 0
       z:
         E0                       = 0
         omega                    = 0
         t0                       = 0
         sigma                    = 0
     density-guided-simulation:
       active                     = false
       group                      = protein
       similarity-measure         = inner-product
       atom-spreading-weight      = unity
       force-constant             = 1e+09
       gaussian-transform-spreading-width = 0.2
       gaussian-transform-spreading-range-in-multiples-of-width = 4
       reference-density-filename = reference.mrc
       nst                        = 1
       normalize-densities        = true
       adaptive-force-scaling     = false
       adaptive-force-scaling-time-constant = 4
grpopts:
   nrdf:     6673.74     69597.3
   ref-t:         300         300
   tau-t:         0.1         0.1
annealing:          No          No
annealing-npoints:           0           0
   acc:	           0           0           0
   nfreeze:           N           N           N
   energygrp-flags[  0]: 0

Changing nstlist from 10 to 50, rlist from 1 to 1.113


Using 1 MPI thread

Non-default thread affinity set, disabling internal thread affinity

Using 2 OpenMP threads 

System total charge: -0.000
Will do PME sum in reciprocal space for electrostatic interactions.

++++ PLEASE READ AND CITE THE FOLLOWING REFERENCE ++++
U. Essmann, L. Perera, M. L. Berkowitz, T. Darden, H. Lee and L. G. Pedersen 
A smooth particle mesh Ewald method
J. Chem. Phys. 103 (1995) pp. 8577-8592
-------- -------- --- Thank You --- -------- --------

Using a Gaussian width (1/beta) of 0.320163 nm for Ewald
Potential shift: LJ r^-12: -1.000e+00 r^-6: -1.000e+00, Ewald -1.000e-05
Initialized non-bonded Coulomb Ewald tables, spacing: 9.33e-04 size: 1073

Generated table with 1056 data points for 1-4 COUL.
Tabscale = 500 points/nm
Generated table with 1056 data points for 1-4 LJ6.
Tabscale = 500 points/nm
Generated table with 1056 data points for 1-4 LJ12.
Tabscale = 500 points/nm

Using SIMD 4x4 nonbonded short-range kernels

Using a dual 4x4 pair-list setup updated with dynamic pruning:
  outer list: updated every 50 steps, buffer 0.113 nm, rlist 1.113 nm
  inner list: updated every 12 steps, buffer 0.001 nm, rlist 1.001 nm
At tolerance 0.005 kJ/mol/ps per atom, equivalent classical 1x1 list would be:
  outer list: updated every 50 steps, buffer 0.242 nm, rlist 1.242 nm
  inner list: updated every 12 steps, buffer 0.047 nm, rlist 1.047 nm

Using geometric Lennard-Jones combination rule

Long Range LJ corr.: <C6> 3.2425e-04

Removing pbc first time

Initializing LINear Constraint Solver

++++ PLEASE READ AND CITE THE FOLLOWING REFERENCE ++++
B. Hess and H. Bekker and H. J. C. Berendsen and J. G. E. M. Fraaije
LINCS: A Linear Constraint Solver for molecular simulations
J. Comp. Chem. 18 (1997) pp. 1463-1472
-------- -------- --- Thank You --- -------- --------

The number of constraints is 1333

++++ PLEASE READ AND CITE THE FOLLOWING REFERENCE ++++
S. Miyamoto and P. A. Kollman
SETTLE: An Analytical Version of the SHAKE and RATTLE Algorithms for Rigid
Water Models
J. Comp. Chem. 13 (1992) pp. 952-962
-------- -------- --- Thank You --- -------- --------


++++ PLEASE READ AND CITE THE FOLLOWING REFERENCE ++++
G. Bussi, D. Donadio and M. Parrinello
Canonical sampling through velocity rescaling
J. Chem. Phys. 126 (2007) pp. 014101
-------- -------- --- Thank You --- -------- --------

There are: 37468 Atoms

Constraining the starting coordinates (step 0)

Constraining the coordinates at t0-dt (step 0)
Center of mass motion removal mode is Linear
We have the following groups for center of mass motion removal:
  0:  rest
RMS relative constraint deviation after constraining: 2.67e-06
Initial temperature: 299.503 K

Started mdrun on rank 0 Sat Oct 10 14:11:03 2020

           Step           Time
              0        0.00000

   Energies (kJ/mol)
           Bond          Angle    Proper Dih. Ryckaert-Bell.          LJ-14
    2.66180e+02    1.40665e+03    9.03374e+01    2.32164e+03    3.37458e+03
     Coulomb-14        LJ (SR)  Disper. corr.   Coulomb (SR)   Coul. recip.
    1.37279e+04    9.22595e+04   -4.94978e+03   -7.56932e+05    3.02037e+03
 Position Rest.      Potential    Kinetic En.   Total Energy  Conserved En.
    1.47737e-03   -6.45414e+05    9.49756e+04   -5.50439e+05   -5.50439e+05
    Temperature Pres. DC (bar) Pressure (bar)   Constr. rmsd
    2.99536e+02   -2.13891e+02   -5.56593e+03    2.68305e-06

           Step           Time
            500        1.00000

   Energies (kJ/mol)
           Bond          Angle    Proper Dih. Ryckaert-Bell.          LJ-14
    1.92091e+03    5.25023e+03    2.95245e+02    3.02843e+03    3.57858e+03
     Coulomb-14        LJ (SR)  Disper. corr.   Coulomb (SR)   Coul. recip.
    1.36528e+04    9.73986e+04   -4.94978e+03   -6.89318e+05    3.55460e+03
 Position Rest.      Potential    Kinetic En.   Total Energy  Conserved En.
    7.69200e+02   -5.64819e+05    9.53070e+04   -4.69512e+05   -5.49451e+05
    Temperature Pres. DC (bar) Pressure (bar)   Constr. rmsd
    3.00581e+02   -2.13891e+02   -7.54224e+02    2.63345e-06

           Step           Time
           1000        2.00000

   Energies (kJ/mol)
           Bond          Angle    Proper Dih. Ryckaert-Bell.          LJ-14
    1.94243e+03    5.31839e+03    2.63989e+02    2.92522e+03    3.53252e+03
     Coulomb-14        LJ (SR)  Disper. corr.   Coulomb (SR)   Coul. recip.
    1.37046e+04    9.70324e+04   -4.94978e+03   -6.91243e+05    3.54314e+03
 Position Rest.      Potential    Kinetic En.   Total Energy  Conserved En.
    8.77090e+02   -5.67053e+05    9.42291e+04   -4.72824e+05   -5.49427e+05
    Temperature Pres. DC (bar) Pressure (bar)   Constr. rmsd
    2.97181e+02   -2.13891e+02   -8.62089e+02    2.84101e-06

           Step           Time
           1500        3.00000

   Energies (kJ/mol)
           Bond          Angle    Proper Dih. Ryckaert-Bell.          LJ-14
    1.98636e+03    5.20050e+03    2.79516e+02    2.99108e+03    3.58538e+03
     Coulomb-14        LJ (SR)  Disper. corr.   Coulomb (SR)   Coul. recip.
    1.36587e+04    9.76155e+04   -4.94978e+03   -6.92704e+05    3.47435e+03
 Position Rest.      Potential    Kinetic En.   Total Energy  Conserved En.
    8.08723e+02   -5.68054e+05    9.52418e+04   -4.72812e+05   -5.49435e+05
    Temperature Pres. DC (bar) Pressure (bar)   Constr. rmsd
    3.00375e+02   -2.13891e+02   -9.27788e+02    2.96856e-06

           Step           Time
           2000        4.00000

   Energies (kJ/mol)
           Bond          Angle    Proper Dih. Ryckaert-Bell.          LJ-14
    1.84290e+03    5.23194e+03    3.24216e+02    2.94191e+03    3.62771e+03
     Coulomb-14        LJ (SR)  Disper. corr.   Coulomb (SR)   Coul. recip.
    1.37270e+04    9.87894e+04   -4.94978e+03   -6.95761e+05    3.53638e+03
 Position Rest.      Potential    Kinetic En.   Total Energy  Conserved En.
    7.10682e+02   -5.69979e+05    9.60390e+04   -4.73940e+05   -5.49454e+05
    Temperature Pres. DC (bar) Pressure (bar)   Constr. rmsd
    3.02889e+02   -2.13891e+02   -9.25100e+02    2.87872e-06

           Step           Time
           2500        5.00000

   Energies (kJ/mol)
           Bond          Angle    Proper Dih. Ryckaert-Bell.          LJ-14
    1.79427e+03    5.28838e+03    3.05889e+02    2.87917e+03    3.64073e+03
     Coulomb-14        LJ (SR)  Disper. corr.   Coulomb (SR)   Coul. recip.
    1.37687e+04    9.84273e+04   -4.94978e+03   -6.93826e+05    3.47034e+03
 Position Rest.      Potential    Kinetic En.   Total Energy  Conserved En.
    7.34463e+02   -5.68467e+05    9.43846e+04   -4.74082e+05   -5.49430e+05
    Temperature Pres. DC (bar) Pressure (bar)   Constr. rmsd
    2.97672e+02   -2.13891e+02   -6.53648e+02    2.78113e-06

           Step           Time
           3000        6.00000

   Energies (kJ/mol)
           Bond          Angle    Proper Dih. Ryckaert-Bell.          LJ-14
    1.94383e+03    5.18425e+03    3.33385e+02    2.81308e+03    3.60077e+03
     Coulomb-14        LJ (SR)  Disper. corr.   Coulomb (SR)   Coul. recip.
    1.36895e+04    9.86718e+04   -4.94978e+03   -6.94373e+05    3.47779e+03
 Position Rest.      Potential    Kinetic En.   Total Energy  Conserved En.
    7.11368e+02   -5.68897e+05    9.45719e+04   -4.74325e+05   -5.49451e+05
    Temperature Pres. DC (bar) Pressure (bar)   Constr. rmsd
    2.98262e+02   -2.13891e+02   -3.45954e+02    3.07052e-06

           Step           Time
           3500        7.00000

   Energies (kJ/mol)
           Bond          Angle    Proper Dih. Ryckaert-Bell.          LJ-14
    1.90215e+03    5.40824e+03    3.32206e+02    2.89451e+03    3.65120e+03
     Coulomb-14        LJ (SR)  Disper. corr.   Coulomb (SR)   Coul. recip.
    1.36245e+04    9.77986e+04   -4.94978e+03   -6.93276e+05    3.37760e+03
 Position Rest.      Potential    Kinetic En.   Total Energy  Conserved En.
    8.34788e+02   -5.68402e+05    9.62469e+04   -4.72155e+05   -5.49447e+05
    Temperature Pres. DC (bar) Pressure (bar)   Constr. rmsd
    3.03545e+02   -2.13891e+02   -8.16252e+02    3.14342e-06

           Step           Time
           4000        8.00000

   Energies (kJ/mol)
           Bond          Angle    Proper Dih. Ryckaert-Bell.          LJ-14
    1.87962e+03    5.25725e+03    3.06115e+02    2.93992e+03    3.61191e+03
     Coulomb-14        LJ (SR)  Disper. corr.   Coulomb (SR)   Coul. recip.
    1.37244e+04    9.74466e+04   -4.94978e+03   -6.93767e+05    3.36134e+03
 Position Rest.      Potential    Kinetic En.   Total Energy  Conserved En.
    7.67363e+02   -5.69422e+05    9.45126e+04   -4.74910e+05   -5.49454e+05
    Temperature Pres. DC (bar) Pressure (bar)   Constr. rmsd
    2.98075e+02   -2.13891e+02   -1.00275e+03    3.16077e-06

           Step           Time
           4500        9.00000

   Energies (kJ/mol)
           Bond          Angle    Proper Dih. Ryckaert-Bell.          LJ-14
    2.08002e+03    5.18261e+03    3.57711e+02    3.01028e+03    3.54300e+03
     Coulomb-14        LJ (SR)  Disper. corr.   Coulomb (SR)   Coul. recip.
    1.35572e+04    9.81132e+04   -4.94978e+03   -6.94619e+05    3.44593e+03
 Position Rest.      Potential    Kinetic En.   Total Energy  Conserved En.
    6.84152e+02   -5.69594e+05    9.48279e+04   -4.74767e+05   -5.49418e+05
    Temperature Pres. DC (bar) Pressure (bar)   Constr. rmsd
    2.99070e+02   -2.13891e+02   -1.06238e+03    3.05215e-06

           Step           Time
           5000       10.00000

   Energies (kJ/mol)
           Bond          Angle    Proper Dih. Ryckaert-Bell.          LJ-14
    1.86218e+03    5.24967e+03    3.20134e+02    2.89809e+03    3.61254e+03
     Coulomb-14        LJ (SR)  Disper. corr.   Coulomb (SR)   Coul. recip.
    1.37071e+04    9.86297e+04   -4.94978e+03   -6.94881e+05    3.41872e+03
 Position Rest.      Potential    Kinetic En.   Total Energy  Conserved En.
    7.75128e+02   -5.69358e+05    9.50053e+04   -4.74352e+05   -5.49447e+05
    Temperature Pres. DC (bar) Pressure (bar)   Constr. rmsd
    2.99629e+02   -2.13891e+02   -5.43639e+02    3.33080e-06

           Step           Time
           5500       11.00000

   Energies (kJ/mol)
           Bond          Angle    Proper Dih. Ryckaert-Bell.          LJ-14
    1.85403e+03    5.21202e+03    3.39977e+02    2.97588e+03    3.58917e+03
     Coulomb-14        LJ (SR)  Disper. corr.   Coulomb (SR)   Coul. recip.
    1.36606e+04    9.78563e+04   -4.94978e+03   -6.94220e+05    3.42150e+03
 Position Rest.      Potential    Kinetic En.   Total Energy  Conserved En.
    7.69237e+02   -5.69490e+05    9.52341e+04   -4.74256e+05   -5.49437e+05
    Temperature Pres. DC (bar) Pressure (bar)   Constr. rmsd
    3.00351e+02   -2.13891e+02   -8.57655e+02    3.15662e-06

           Step           Time
           6000       12.00000

   Energies (kJ/mol)
           Bond          Angle    Proper Dih. Ryckaert-Bell.          LJ-14
    1.86824e+03    5.19252e+03    3.16129e+02    2.97782e+03    3.61731e+03
     Coulomb-14        LJ (SR)  Disper. corr.   Coulomb (SR)   Coul. recip.
    1.36816e+04    9.84088e+04   -4.94978e+03   -6.94082e+05    3.39705e+03
 Position Rest.      Potential    Kinetic En.   Total Energy  Conserved En.
    7.98083e+02   -5.68774e+05    9.52900e+04   -4.73484e+05   -5.49446e+05
    Temperature Pres. DC (bar) Pressure (bar)   Constr. rmsd
    3.00527e+02   -2.13891e+02   -6.59731e+02    3.05135e-06

           Step           Time
           6500       13.00000

   Energies (kJ/mol)
           Bond          Angle    Proper Dih. Ryckaert-Bell.          LJ-14
    1.88279e+03    5.30345e+03    2.92857e+02    2.86985e+03    3.59563e+03
     Coulomb-14        LJ (SR)  Disper. corr.   Coulomb (SR)   Coul. recip.
    1.35633e+04    9.83980e+04   -4.94978e+03   -6.93847e+05    3.28745e+03
 Position Rest.      Potential    Kinetic En.   Total Energy  Conserved En.
    7.40900e+02   -5.68862e+05    9.57576e+04   -4.73105e+05   -5.49445e+05
    Temperature Pres. DC (bar) Pressure (bar)   Constr. rmsd
    3.02002e+02   -2.13891e+02   -5.40724e+02    3.15933e-06

           Step           Time
           7000       14.00000

   Energies (kJ/mol)
           Bond          Angle    Proper Dih. Ryckaert-Bell.          LJ-14
    2.00238e+03    5.46899e+03    3.30675e+02    2.96321e+03    3.48912e+03
     Coulomb-14        LJ (SR)  Disper. corr.   Coulomb (SR)   Coul. recip.
    1.36284e+04    9.84848e+04   -4.94978e+03   -6.94545e+05    3.41516e+03
 Position Rest.      Potential    Kinetic En.   Total Energy  Conserved En.
    7.40692e+02   -5.68971e+05    9.50952e+04   -4.73876e+05   -5.49436e+05
    Temperature Pres. DC (bar) Pressure (bar)   Constr. rmsd
    2.99913e+02   -2.13891e+02   -8.54111e+02    3.02165e-06

           Step           Time
           7500       15.00000

   Energies (kJ/mol)
           Bond          Angle    Proper Dih. Ryckaert-Bell.          LJ-14
    1.87832e+03    5.21474e+03    2.95706e+02    2.78699e+03    3.57287e+03
     Coulomb-14        LJ (SR)  Disper. corr.   Coulomb (SR)   Coul. recip.
    1.36764e+04    9.81410e+04   -4.94978e+03   -6.93963e+05    3.34232e+03
 Position Rest.      Potential    Kinetic En.   Total Energy  Conserved En.
    7.05407e+02   -5.69299e+05    9.38497e+04   -4.75450e+05   -5.49431e+05
    Temperature Pres. DC (bar) Pressure (bar)   Constr. rmsd
    2.95985e+02   -2.13891e+02   -7.24224e+02    2.96851e-06

           Step           Time
           8000       16.00000

   Energies (kJ/mol)
           Bond          Angle    Proper Dih. Ryckaert-Bell.          LJ-14
    1.92159e+03    5.63713e+03    3.04604e+02    3.00842e+03    3.54329e+03
     Coulomb-14        LJ (SR)  Disper. corr.   Coulomb (SR)   Coul. recip.
    1.36309e+04    9.61260e+04   -4.94978e+03   -6.90730e+05    3.33366e+03
 Position Rest.      Potential    Kinetic En.   Total Energy  Conserved En.
    6.71759e+02   -5.67502e+05    9.51623e+04   -4.72340e+05   -5.49428e+05
    Temperature Pres. DC (bar) Pressure (bar)   Constr. rmsd
    3.00124e+02   -2.13891e+02   -1.11311e+03    3.22359e-06

           Step           Time
           8500       17.00000

   Energies (kJ/mol)
           Bond          Angle    Proper Dih. Ryckaert-Bell.          LJ-14
    1.92231e+03    5.27137e+03    3.06965e+02    2.90311e+03    3.54089e+03
     Coulomb-14        LJ (SR)  Disper. corr.   Coulomb (SR)   Coul. recip.
    1.36674e+04    9.74758e+04   -4.94978e+03   -6.94053e+05    3.29890e+03
 Position Rest.      Potential    Kinetic En.   Total Energy  Conserved En.
    7.64343e+02   -5.69852e+05    9.49027e+04   -4.74949e+05   -5.49450e+05
    Temperature Pres. DC (bar) Pressure (bar)   Constr. rmsd
    2.99306e+02   -2.13891e+02   -8.06458e+02    2.75896e-06

           Step           Time
           9000       18.00000

   Energies (kJ/mol)
           Bond          Angle    Proper Dih. Ryckaert-Bell.          LJ-14
    1.88210e+03    5.35684e+03    2.76362e+02    2.95266e+03    3.63880e+03
     Coulomb-14        LJ (SR)  Disper. corr.   Coulomb (SR)   Coul. recip.
    1.36134e+04    9.91201e+04   -4.94978e+03   -6.96000e+05    3.39400e+03
 Position Rest.      Potential    Kinetic En.   Total Energy  Conserved En.
    7.55583e+02   -5.69960e+05    9.54379e+04   -4.74522e+05   -5.49444e+05
    Temperature Pres. DC (bar) Pressure (bar)   Constr. rmsd
    3.00994e+02   -2.13891e+02   -6.58935e+02    2.80218e-06

           Step           Time
           9500       19.00000

   Energies (kJ/mol)
           Bond          Angle    Proper Dih. Ryckaert-Bell.          LJ-14
    2.03848e+03    5.36102e+03    3.02626e+02    2.88513e+03    3.56615e+03
     Coulomb-14        LJ (SR)  Disper. corr.   Coulomb (SR)   Coul. recip.
    1.36353e+04    9.96391e+04   -4.94978e+03   -6.96496e+05    3.37895e+03
 Position Rest.      Potential    Kinetic En.   Total Energy  Conserved En.
    7.13680e+02   -5.69926e+05    9.54674e+04   -4.74458e+05   -5.49447e+05
    Temperature Pres. DC (bar) Pressure (bar)   Constr. rmsd
    3.01087e+02   -2.13891e+02   -5.39293e+02    3.06998e-06

           Step           Time
          10000       20.00000

   Energies (kJ/mol)
           Bond          Angle    Proper Dih. Ryckaert-Bell.          LJ-14
    1.96126e+03    5.36702e+03    3.16516e+02    2.90669e+03    3.55461e+03
     Coulomb-14        LJ (SR)  Disper. corr.   Coulomb (SR)   Coul. recip.
    1.36158e+04    9.71767e+04   -4.94978e+03   -6.92820e+05    3.41840e+03
 Position Rest.      Potential    Kinetic En.   Total Energy  Conserved En.
    6.77461e+02   -5.68776e+05    9.52715e+04   -4.73504e+05   -5.49454e+05
    Temperature Pres. DC (bar) Pressure (bar)   Constr. rmsd
    3.00469e+02   -2.13891e+02   -9.36449e+02    2.68088e-06

           Step           Time
          10500       21.00000

   Energies (kJ/mol)
           Bond          Angle    Proper Dih. Ryckaert-Bell.          LJ-14
    1.92831e+03    5.38935e+03    3.42375e+02    2.87421e+03    3.52911e+03
     Coulomb-14        LJ (SR)  Disper. corr.   Coulomb (SR)   Coul. recip.
    1.36799e+04    9.79515e+04   -4.94978e+03   -6.94254e+05    3.43470e+03
 Position Rest.      Potential    Kinetic En.   Total Energy  Conserved En.
    7.06624e+02   -5.69368e+05    9.56270e+04   -4.73741e+05   -5.49447e+05
    Temperature Pres. DC (bar) Pressure (bar)   Constr. rmsd
    3.01590e+02   -2.13891e+02   -5.04917e+02    3.18594e-06

           Step           Time
          11000       22.00000

   Energies (kJ/mol)
           Bond          Angle    Proper Dih. Ryckaert-Bell.          LJ-14
    1.98657e+03    5.26567e+03    2.83587e+02    2.92028e+03    3.54130e+03
     Coulomb-14        LJ (SR)  Disper. corr.   Coulomb (SR)   Coul. recip.
    1.36327e+04    9.98767e+04   -4.94978e+03   -6.96348e+05    3.41748e+03
 Position Rest.      Potential    Kinetic En.   Total Energy  Conserved En.
    6.97509e+02   -5.69676e+05    9.53074e+04   -4.74368e+05   -5.49460e+05
    Temperature Pres. DC (bar) Pressure (bar)   Constr. rmsd
    3.00582e+02   -2.13891e+02   -8.40028e+02    2.81611e-06

           Step           Time
          11500       23.00000

   Energies (kJ/mol)
           Bond          Angle    Proper Dih. Ryckaert-Bell.          LJ-14
    1.88102e+03    5.25546e+03    2.77766e+02    2.97023e+03    3.62570e+03
     Coulomb-14        LJ (SR)  Disper. corr.   Coulomb (SR)   Coul. recip.
    1.35841e+04    9.80724e+04   -4.94978e+03   -6.95224e+05    3.35841e+03
 Position Rest.      Potential    Kinetic En.   Total Energy  Conserved En.
    7.22832e+02   -5.70426e+05    9.53829e+04   -4.75043e+05   -5.49461e+05
    Temperature Pres. DC (bar) Pressure (bar)   Constr. rmsd
    3.00820e+02   -2.13891e+02   -7.86650e+02    2.96164e-06

           Step           Time
          12000       24.00000

   Energies (kJ/mol)
           Bond          Angle    Proper Dih. Ryckaert-Bell.          LJ-14
    1.97249e+03    5.26311e+03    3.62617e+02    3.00147e+03    3.52530e+03
     Coulomb-14        LJ (SR)  Disper. corr.   Coulomb (SR)   Coul. recip.
    1.35966e+04    9.82723e+04   -4.94978e+03   -6.94833e+05    3.44665e+03
 Position Rest.      Potential    Kinetic En.   Total Energy  Conserved En.
    6.97067e+02   -5.69645e+05    9.54592e+04   -4.74186e+05   -5.49458e+05
    Temperature Pres. DC (bar) Pressure (bar)   Constr. rmsd
    3.01061e+02   -2.13891e+02   -1.07034e+03    2.96420e-06

           Step           Time
          12500       25.00000

   Energies (kJ/mol)
           Bond          Angle    Proper Dih. Ryckaert-Bell.          LJ-14
    1.91642e+03    5.29427e+03    3.25745e+02    3.00929e+03    3.58793e+03
     Coulomb-14        LJ (SR)  Disper. corr.   Coulomb (SR)   Coul. recip.
    1.36340e+04    9.92654e+04   -4.94978e+03   -6.95827e+05    3.38826e+03
 Position Rest.      Potential    Kinetic En.   Total Energy  Conserved En.
    6.93142e+02   -5.69662e+05    9.44526e+04   -4.75210e+05   -5.49445e+05
    Temperature Pres. DC (bar) Pressure (bar)   Constr. rmsd
    2.97886e+02   -2.13891e+02   -4.85055e+02    2.96797e-06

           Step           Time
          13000       26.00000

   Energies (kJ/mol)
           Bond          Angle    Proper Dih. Ryckaert-Bell.          LJ-14
    1.95230e+03    5.30471e+03    3.02708e+02    2.98265e+03    3.48133e+03
     Coulomb-14        LJ (SR)  Disper. corr.   Coulomb (SR)   Coul. recip.
    1.36142e+04    9.76070e+04   -4.94978e+03   -6.93435e+05    3.41250e+03
 Position Rest.      Potential    Kinetic En.   Total Energy  Conserved En.
    7.86260e+02   -5.68941e+05    9.48382e+04   -4.74103e+05   -5.49458e+05
    Temperature Pres. DC (bar) Pressure (bar)   Constr. rmsd
    2.99102e+02   -2.13891e+02   -9.95245e+02    2.71468e-06

           Step           Time
          13500       27.00000

   Energies (kJ/mol)
           Bond          Angle    Proper Dih. Ryckaert-Bell.          LJ-14
    2.00222e+03    5.22837e+03    3.13583e+02    2.92249e+03    3.53442e+03
     Coulomb-14        LJ (SR)  Disper. corr.   Coulomb (SR)   Coul. recip.
    1.37065e+04    9.70655e+04   -4.94978e+03   -6.92717e+05    3.32765e+03
 Position Rest.      Potential    Kinetic En.   Total Energy  Conserved En.
    7.29407e+02   -5.68836e+05    9.43905e+04   -4.74446e+05   -5.49468e+05
    Temperature Pres. DC (bar) Pressure (bar)   Constr. rmsd
    2.97690e+02   -2.13891e+02   -1.04792e+03    3.06396e-06

           Step           Time
          14000       28.00000

   Energies (kJ/mol)
           Bond          Angle    Proper Dih. Ryckaert-Bell.          LJ-14
    1.92758e+03    5.30428e+03    3.06909e+02    3.05890e+03    3.54336e+03
     Coulomb-14        LJ (SR)  Disper. corr.   Coulomb (SR)   Coul. recip.
    1.36050e+04    9.73456e+04   -4.94978e+03   -6.93774e+05    3.37063e+03
 Position Rest.      Potential    Kinetic En.   Total Energy  Conserved En.
    7.23169e+02   -5.69539e+05    9.53019e+04   -4.74237e+05   -5.49451e+05
    Temperature Pres. DC (bar) Pressure (bar)   Constr. rmsd
    3.00565e+02   -2.13891e+02   -8.22145e+02    2.83756e-06

           Step           Time
          14500       29.00000

   Energies (kJ/mol)
           Bond          Angle    Proper Dih. Ryckaert-Bell.          LJ-14
    1.77982e+03    5.13470e+03    3.05504e+02    2.81603e+03    3.60596e+03
     Coulomb-14        LJ (SR)  Disper. corr.   Coulomb (SR)   Coul. recip.
    1.36204e+04    9.90856e+04   -4.94978e+03   -6.97580e+05    3.44371e+03
 Position Rest.      Potential    Kinetic En.   Total Energy  Conserved En.
    7.47242e+02   -5.71990e+05    9.51595e+04   -4.76831e+05   -5.49475e+05
    Temperature Pres. DC (bar) Pressure (bar)   Constr. rmsd
    3.00116e+02   -2.13891e+02   -5.85719e+02    2.65160e-06

           Step           Time
          15000       30.00000

   Energies (kJ/mol)
           Bond          Angle    Proper Dih. Ryckaert-Bell.          LJ-14
    1.90462e+03    5.41360e+03    3.43397e+02    2.85532e+03    3.53062e+03
     Coulomb-14        LJ (SR)  Disper. corr.   Coulomb (SR)   Coul. recip.
    1.35674e+04    9.72969e+04   -4.94978e+03   -6.92948e+05    3.28422e+03
 Position Rest.      Potential    Kinetic En.   Total Energy  Conserved En.
    6.90206e+02   -5.69011e+05    9.59318e+04   -4.73080e+05   -5.49475e+05
    Temperature Pres. DC (bar) Pressure (bar)   Constr. rmsd
    3.02551e+02   -2.13891e+02   -6.86980e+02    2.82936e-06

           Step           Time
          15500       31.00000

   Energies (kJ/mol)
           Bond          Angle    Proper Dih. Ryckaert-Bell.          LJ-14
    1.84731e+03    5.17920e+03    3.10007e+02    2.97867e+03    3.52460e+03
     Coulomb-14        LJ (SR)  Disper. corr.   Coulomb (SR)   Coul. recip.
    1.35767e+04    9.90042e+04   -4.94978e+03   -6.96491e+05    3.34560e+03
 Position Rest.      Potential    Kinetic En.   Total Energy  Conserved En.
    6.66439e+02   -5.71008e+05    9.51750e+04   -4.75833e+05   -5.49480e+05
    Temperature Pres. DC (bar) Pressure (bar)   Constr. rmsd
    3.00164e+02   -2.13891e+02   -8.29255e+02    2.99796e-06

           Step           Time
          16000       32.00000

   Energies (kJ/mol)
           Bond          Angle    Proper Dih. Ryckaert-Bell.          LJ-14
    1.98312e+03    5.28597e+03    3.08137e+02    3.04243e+03    3.60975e+03
     Coulomb-14        LJ (SR)  Disper. corr.   Coulomb (SR)   Coul. recip.
    1.37194e+04    9.86425e+04   -4.94978e+03   -6.94947e+05    3.41177e+03
 Position Rest.      Potential    Kinetic En.   Total Energy  Conserved En.
    7.68735e+02   -5.69125e+05    9.56377e+04   -4.73487e+05   -5.49464e+05
    Temperature Pres. DC (bar) Pressure (bar)   Constr. rmsd
    3.01624e+02   -2.13891e+02   -4.42904e+02    3.26995e-06

           Step           Time
          16500       33.00000

   Energies (kJ/mol)
           Bond          Angle    Proper Dih. Ryckaert-Bell.          LJ-14
    1.82144e+03    5.30640e+03    3.21838e+02    3.01379e+03    3.56437e+03
     Coulomb-14        LJ (SR)  Disper. corr.   Coulomb (SR)   Coul. recip.
    1.37009e+04    9.89124e+04   -4.94978e+03   -6.95323e+05    3.42134e+03
 Position Rest.      Potential    Kinetic En.   Total Energy  Conserved En.
    7.49621e+02   -5.69460e+05    9.52211e+04   -4.74239e+05   -5.49475e+05
    Temperature Pres. DC (bar) Pressure (bar)   Constr. rmsd
    3.00310e+02   -2.13891e+02   -6.57073e+02    3.08902e-06

           Step           Time
          17000       34.00000

   Energies (kJ/mol)
           Bond          Angle    Proper Dih. Ryckaert-Bell.          LJ-14
    1.78539e+03    5.22952e+03    3.03967e+02    2.92794e+03    3.50394e+03
     Coulomb-14        LJ (SR)  Disper. corr.   Coulomb (SR)   Coul. recip.
    1.36264e+04    9.79540e+04   -4.94978e+03   -6.95184e+05    3.38051e+03
 Position Rest.      Potential    Kinetic En.   Total Energy  Conserved En.
    7.52877e+02   -5.70669e+05    9.52115e+04   -4.75458e+05   -5.49488e+05
    Temperature Pres. DC (bar) Pressure (bar)   Constr. rmsd
    3.00280e+02   -2.13891e+02   -1.14948e+03    3.22805e-06

           Step           Time
          17500       35.00000

   Energies (kJ/mol)
           Bond          Angle    Proper Dih. Ryckaert-Bell.          LJ-14
    1.85939e+03    5.39165e+03    3.07712e+02    2.94297e+03    3.56422e+03
     Coulomb-14        LJ (SR)  Disper. corr.   Coulomb (SR)   Coul. recip.
    1.36204e+04    9.92009e+04   -4.94978e+03   -6.95912e+05    3.40573e+03
 Position Rest.      Potential    Kinetic En.   Total Energy  Conserved En.
    7.16776e+02   -5.69852e+05    9.47428e+04   -4.75110e+05   -5.49477e+05
    Temperature Pres. DC (bar) Pressure (bar)   Constr. rmsd
    2.98801e+02   -2.13891e+02   -5.63472e+02    2.83304e-06

           Step           Time
          18000       36.00000

   Energies (kJ/mol)
           Bond          Angle    Proper Dih. Ryckaert-Bell.          LJ-14
    1.85779e+03    5.22617e+03    3.42572e+02    2.87237e+03    3.55143e+03
     Coulomb-14        LJ (SR)  Disper. corr.   Coulomb (SR)   Coul. recip.
    1.36786e+04    9.85038e+04   -4.94978e+03   -6.95754e+05    3.43950e+03
 Position Rest.      Potential    Kinetic En.   Total Energy  Conserved En.
    7.93223e+02   -5.70438e+05    9.52058e+04   -4.75232e+05   -5.49500e+05
    Temperature Pres. DC (bar) Pressure (bar)   Constr. rmsd
    3.00262e+02   -2.13891e+02   -8.68743e+02    2.79963e-06

           Step           Time
          18500       37.00000

   Energies (kJ/mol)
           Bond          Angle    Proper Dih. Ryckaert-Bell.          LJ-14
    1.86053e+03    5.27486e+03    3.23430e+02    2.95960e+03    3.59978e+03
     Coulomb-14        LJ (SR)  Disper. corr.   Coulomb (SR)   Coul. recip.
    1.36363e+04    9.79300e+04   -4.94978e+03   -6.93392e+05    3.44358e+03
 Position Rest.      Potential    Kinetic En.   Total Energy  Conserved En.
    7.68088e+02   -5.68546e+05    9.51678e+04   -4.73378e+05   -5.49486e+05
    Temperature Pres. DC (bar) Pressure (bar)   Constr. rmsd
    3.00142e+02   -2.13891e+02   -6.58158e+02    3.07494e-06

           Step           Time
          19000       38.00000

   Energies (kJ/mol)
           Bond          Angle    Proper Dih. Ryckaert-Bell.          LJ-14
    1.83440e+03    5.46338e+03    2.89857e+02    2.99942e+03    3.53927e+03
     Coulomb-14        LJ (SR)  Disper. corr.   Coulomb (SR)   Coul. recip.
    1.37445e+04    9.83819e+04   -4.94978e+03   -6.93928e+05    3.39152e+03
 Position Rest.      Potential    Kinetic En.   Total Energy  Conserved En.
    7.45493e+02   -5.68488e+05    9.52055e+04   -4.73282e+05   -5.49474e+05
    Temperature Pres. DC (bar) Pressure (bar)   Constr. rmsd
    3.00261e+02   -2.13891e+02   -6.03912e+02    3.14523e-06

           Step           Time
          19500       39.00000

   Energies (kJ/mol)
           Bond          Angle    Proper Dih. Ryckaert-Bell.          LJ-14
    1.95557e+03    5.37465e+03    3.23711e+02    2.98728e+03    3.55916e+03
     Coulomb-14        LJ (SR)  Disper. corr.   Coulomb (SR)   Coul. recip.
    1.35947e+04    9.94236e+04   -4.94978e+03   -6.96228e+05    3.35853e+03
 Position Rest.      Potential    Kinetic En.   Total Energy  Conserved En.
    7.36692e+02   -5.69864e+05    9.55182e+04   -4.74346e+05   -5.49472e+05
    Temperature Pres. DC (bar) Pressure (bar)   Constr. rmsd
    3.01247e+02   -2.13891e+02   -7.15413e+02    2.82648e-06

           Step           Time
          20000       40.00000

   Energies (kJ/mol)
           Bond          Angle    Proper Dih. Ryckaert-Bell.          LJ-14
    1.85562e+03    5.25897e+03    2.97132e+02    2.95857e+03    3.56797e+03
     Coulomb-14        LJ (SR)  Disper. corr.   Coulomb (SR)   Coul. recip.
    1.36477e+04    9.74513e+04   -4.94978e+03   -6.95815e+05    3.42283e+03
 Position Rest.      Potential    Kinetic En.   Total Energy  Conserved En.
    8.25232e+02   -5.71479e+05    9.53511e+04   -4.76128e+05   -5.49496e+05
    Temperature Pres. DC (bar) Pressure (bar)   Constr. rmsd
    3.00720e+02   -2.13891e+02   -1.06130e+03    2.94140e-06

           Step           Time
          20500       41.00000

   Energies (kJ/mol)
           Bond          Angle    Proper Dih. Ryckaert-Bell.          LJ-14
    1.87432e+03    5.24541e+03    2.91206e+02    2.94675e+03    3.57726e+03
     Coulomb-14        LJ (SR)  Disper. corr.   Coulomb (SR)   Coul. recip.
    1.36122e+04    9.93191e+04   -4.94978e+03   -6.95171e+05    3.42312e+03
 Position Rest.      Potential    Kinetic En.   Total Energy  Conserved En.
    8.01279e+02   -5.69030e+05    9.47010e+04   -4.74329e+05   -5.49484e+05
    Temperature Pres. DC (bar) Pressure (bar)   Constr. rmsd
    2.98669e+02   -2.13891e+02   -6.09475e+02    2.98124e-06

           Step           Time
          21000       42.00000

   Energies (kJ/mol)
           Bond          Angle    Proper Dih. Ryckaert-Bell.          LJ-14
    1.88496e+03    5.22969e+03    3.06475e+02    2.95031e+03    3.63306e+03
     Coulomb-14        LJ (SR)  Disper. corr.   Coulomb (SR)   Coul. recip.
    1.38660e+04    9.84961e+04   -4.94978e+03   -6.95589e+05    3.34913e+03
 Position Rest.      Potential    Kinetic En.   Total Energy  Conserved En.
    7.03602e+02   -5.70119e+05    9.49715e+04   -4.75148e+05   -5.49490e+05
    Temperature Pres. DC (bar) Pressure (bar)   Constr. rmsd
    2.99523e+02   -2.13891e+02   -7.77782e+02    3.16430e-06

           Step           Time
          21500       43.00000

   Energies (kJ/mol)
           Bond          Angle    Proper Dih. Ryckaert-Bell.          LJ-14
    1.81647e+03    5.17820e+03    2.96764e+02    3.00012e+03    3.60994e+03
     Coulomb-14        LJ (SR)  Disper. corr.   Coulomb (SR)   Coul. recip.
    1.36882e+04    9.83704e+04   -4.94978e+03   -6.95341e+05    3.46226e+03
 Position Rest.      Potential    Kinetic En.   Total Energy  Conserved En.
    7.20385e+02   -5.70148e+05    9.62474e+04   -4.73901e+05   -5.49498e+05
    Temperature Pres. DC (bar) Pressure (bar)   Constr. rmsd
    3.03547e+02   -2.13891e+02   -9.53221e+02    3.16781e-06

           Step           Time
          22000       44.00000

   Energies (kJ/mol)
           Bond          Angle    Proper Dih. Ryckaert-Bell.          LJ-14
    1.98066e+03    5.10504e+03    3.09692e+02    2.96340e+03    3.59606e+03
     Coulomb-14        LJ (SR)  Disper. corr.   Coulomb (SR)   Coul. recip.
    1.37714e+04    9.72155e+04   -4.94978e+03   -6.93627e+05    3.40772e+03
 Position Rest.      Potential    Kinetic En.   Total Energy  Conserved En.
    7.19865e+02   -5.69507e+05    9.60306e+04   -4.73476e+05   -5.49521e+05
    Temperature Pres. DC (bar) Pressure (bar)   Constr. rmsd
    3.02863e+02   -2.13891e+02   -8.61711e+02    3.55147e-06

           Step           Time
          22500       45.00000

   Energies (kJ/mol)
           Bond          Angle    Proper Dih. Ryckaert-Bell.          LJ-14
    1.84316e+03    5.48783e+03    3.23051e+02    2.83092e+03    3.66937e+03
     Coulomb-14        LJ (SR)  Disper. corr.   Coulomb (SR)   Coul. recip.
    1.37369e+04    9.75925e+04   -4.94978e+03   -6.93168e+05    3.42356e+03
 Position Rest.      Potential    Kinetic En.   Total Energy  Conserved En.
    7.67444e+02   -5.68443e+05    9.50484e+04   -4.73395e+05   -5.49488e+05
    Temperature Pres. DC (bar) Pressure (bar)   Constr. rmsd
    2.99765e+02   -2.13891e+02   -5.04475e+02    3.00568e-06

           Step           Time
          23000       46.00000

   Energies (kJ/mol)
           Bond          Angle    Proper Dih. Ryckaert-Bell.          LJ-14
    1.85578e+03    5.31994e+03    3.01606e+02    2.91461e+03    3.55181e+03
     Coulomb-14        LJ (SR)  Disper. corr.   Coulomb (SR)   Coul. recip.
    1.36447e+04    9.61881e+04   -4.94978e+03   -6.91928e+05    3.43254e+03
 Position Rest.      Potential    Kinetic En.   Total Energy  Conserved En.
    7.66788e+02   -5.68902e+05    9.54465e+04   -4.73455e+05   -5.49502e+05
    Temperature Pres. DC (bar) Pressure (bar)   Constr. rmsd
    3.01021e+02   -2.13891e+02   -8.97019e+02    3.18026e-06

           Step           Time
          23500       47.00000

   Energies (kJ/mol)
           Bond          Angle    Proper Dih. Ryckaert-Bell.          LJ-14
    1.97414e+03    5.32281e+03    3.07069e+02    2.93210e+03    3.55722e+03
     Coulomb-14        LJ (SR)  Disper. corr.   Coulomb (SR)   Coul. recip.
    1.37063e+04    9.72020e+04   -4.94978e+03   -6.93026e+05    3.42779e+03
 Position Rest.      Potential    Kinetic En.   Total Energy  Conserved En.
    7.28169e+02   -5.68818e+05    9.45010e+04   -4.74317e+05   -5.49474e+05
    Temperature Pres. DC (bar) Pressure (bar)   Constr. rmsd
    2.98039e+02   -2.13891e+02   -8.14021e+02    2.99972e-06

           Step           Time
          24000       48.00000

   Energies (kJ/mol)
           Bond          Angle    Proper Dih. Ryckaert-Bell.          LJ-14
    1.71778e+03    5.27417e+03    3.16882e+02    2.88690e+03    3.57574e+03
     Coulomb-14        LJ (SR)  Disper. corr.   Coulomb (SR)   Coul. recip.
    1.36587e+04    9.66439e+04   -4.94978e+03   -6.93722e+05    3.33811e+03
 Position Rest.      Potential    Kinetic En.   Total Energy  Conserved En.
    7.46062e+02   -5.70514e+05    9.49059e+04   -4.75608e+05   -5.49501e+05
    Temperature Pres. DC (bar) Pressure (bar)   Constr. rmsd
    2.99316e+02   -2.13891e+02   -9.97018e+02    2.75859e-06

           Step           Time
          24500       49.00000

   Energies (kJ/mol)
           Bond          Angle    Proper Dih. Ryckaert-Bell.          LJ-14
    1.91840e+03    5.26269e+03    2.77604e+02    2.80294e+03    3.58387e+03
     Coulomb-14        LJ (SR)  Disper. corr.   Coulomb (SR)   Coul. recip.
    1.36695e+04    9.95224e+04   -4.94978e+03   -6.96058e+05    3.40262e+03
 Position Rest.      Potential    Kinetic En.   Total Energy  Conserved En.
    7.01344e+02   -5.69867e+05    9.49386e+04   -4.74928e+05   -5.49494e+05
    Temperature Pres. DC (bar) Pressure (bar)   Constr. rmsd
    2.99419e+02   -2.13891e+02   -6.08719e+02    2.78803e-06

           Step           Time
          25000       50.00000

   Energies (kJ/mol)
           Bond          Angle    Proper Dih. Ryckaert-Bell.          LJ-14
    1.95148e+03    5.30774e+03    3.24830e+02    2.97544e+03    3.63326e+03
     Coulomb-14        LJ (SR)  Disper. corr.   Coulomb (SR)   Coul. recip.
    1.36556e+04    9.77711e+04   -4.94978e+03   -6.92804e+05    3.36650e+03
 Position Rest.      Potential    Kinetic En.   Total Energy  Conserved En.
    7.82982e+02   -5.67985e+05    9.52827e+04   -4.72702e+05   -5.49504e+05
    Temperature Pres. DC (bar) Pressure (bar)   Constr. rmsd
    3.00504e+02   -2.13891e+02   -9.16252e+02    2.86832e-06

           Step           Time
          25500       51.00000

   Energies (kJ/mol)
           Bond          Angle    Proper Dih. Ryckaert-Bell.          LJ-14
    1.88799e+03    5.27550e+03    3.08602e+02    2.88892e+03    3.56546e+03
     Coulomb-14        LJ (SR)  Disper. corr.   Coulomb (SR)   Coul. recip.
    1.36284e+04    9.79276e+04   -4.94978e+03   -6.94270e+05    3.38089e+03
 Position Rest.      Potential    Kinetic En.   Total Energy  Conserved En.
    7.06664e+02   -5.69650e+05    9.44918e+04   -4.75158e+05   -5.49505e+05
    Temperature Pres. DC (bar) Pressure (bar)   Constr. rmsd
    2.98010e+02   -2.13891e+02   -7.78235e+02    3.10042e-06

           Step           Time
          26000       52.00000

   Energies (kJ/mol)
           Bond          Angle    Proper Dih. Ryckaert-Bell.          LJ-14
    1.90516e+03    5.13951e+03    3.26437e+02    2.94956e+03    3.61448e+03
     Coulomb-14        LJ (SR)  Disper. corr.   Coulomb (SR)   Coul. recip.
    1.36594e+04    9.90048e+04   -4.94978e+03   -6.96767e+05    3.41901e+03
 Position Rest.      Potential    Kinetic En.   Total Energy  Conserved En.
    7.80356e+02   -5.70918e+05    9.48314e+04   -4.76087e+05   -5.49499e+05
    Temperature Pres. DC (bar) Pressure (bar)   Constr. rmsd
    2.99081e+02   -2.13891e+02   -8.53075e+02    2.72470e-06

           Step           Time
          26500       53.00000

   Energies (kJ/mol)
           Bond          Angle    Proper Dih. Ryckaert-Bell.          LJ-14
    1.94267e+03    5.38849e+03    3.55607e+02    2.95900e+03    3.50090e+03
     Coulomb-14        LJ (SR)  Disper. corr.   Coulomb (SR)   Coul. recip.
    1.36438e+04    9.86863e+04   -4.94978e+03   -6.94206e+05    3.43785e+03
 Position Rest.      Potential    Kinetic En.   Total Energy  Conserved En.
    7.45871e+02   -5.68495e+05    9.51719e+04   -4.73323e+05   -5.49491e+05
    Temperature Pres. DC (bar) Pressure (bar)   Constr. rmsd
    3.00155e+02   -2.13891e+02   -9.05904e+02    3.04499e-06

           Step           Time
          27000       54.00000

   Energies (kJ/mol)
           Bond          Angle    Proper Dih. Ryckaert-Bell.          LJ-14
    1.98240e+03    5.31252e+03    3.32872e+02    2.93471e+03    3.54905e+03
     Coulomb-14        LJ (SR)  Disper. corr.   Coulomb (SR)   Coul. recip.
    1.35765e+04    9.79875e+04   -4.94978e+03   -6.95074e+05    3.42119e+03
 Position Rest.      Potential    Kinetic En.   Total Energy  Conserved En.
    6.42805e+02   -5.70285e+05    9.48258e+04   -4.75459e+05   -5.49491e+05
    Temperature Pres. DC (bar) Pressure (bar)   Constr. rmsd
    2.99063e+02   -2.13891e+02   -7.85270e+02    2.80452e-06

           Step           Time
          27500       55.00000

   Energies (kJ/mol)
           Bond          Angle    Proper Dih. Ryckaert-Bell.          LJ-14
    1.80166e+03    5.28823e+03    2.92405e+02    2.80099e+03    3.54397e+03
     Coulomb-14        LJ (SR)  Disper. corr.   Coulomb (SR)   Coul. recip.
    1.38343e+04    9.74251e+04   -4.94978e+03   -6.94612e+05    3.43005e+03
 Position Rest.      Potential    Kinetic En.   Total Energy  Conserved En.
    7.48306e+02   -5.70397e+05    9.54075e+04   -4.74989e+05   -5.49515e+05
    Temperature Pres. DC (bar) Pressure (bar)   Constr. rmsd
    3.00898e+02   -2.13891e+02   -8.24104e+02    3.08137e-06

           Step           Time
          28000       56.00000

   Energies (kJ/mol)
           Bond          Angle    Proper Dih. Ryckaert-Bell.          LJ-14
    1.85352e+03    5.30105e+03    2.75538e+02    2.96256e+03    3.55355e+03
     Coulomb-14        LJ (SR)  Disper. corr.   Coulomb (SR)   Coul. recip.
    1.36494e+04    9.77217e+04   -4.94978e+03   -6.94636e+05    3.37111e+03
 Position Rest.      Potential    Kinetic En.   Total Energy  Conserved En.
    7.49563e+02   -5.70147e+05    9.58034e+04   -4.74344e+05   -5.49523e+05
    Temperature Pres. DC (bar) Pressure (bar)   Constr. rmsd
    3.02146e+02   -2.13891e+02   -9.34158e+02    3.03077e-06

           Step           Time
          28500       57.00000

   Energies (kJ/mol)
           Bond          Angle    Proper Dih. Ryckaert-Bell.          LJ-14
    1.88710e+03    5.02559e+03    2.76062e+02    2.97440e+03    3.55476e+03
     Coulomb-14        LJ (SR)  Disper. corr.   Coulomb (SR)   Coul. recip.
    1.36944e+04    9.83592e+04   -4.94978e+03   -6.95047e+05    3.48642e+03
 Position Rest.      Potential    Kinetic En.   Total Energy  Conserved En.
    7.41037e+02   -5.69998e+05    9.48651e+04   -4.75132e+05   -5.49523e+05
    Temperature Pres. DC (bar) Pressure (bar)   Constr. rmsd
    2.99187e+02   -2.13891e+02   -1.11841e+03    2.93177e-06

           Step           Time
          29000       58.00000

   Energies (kJ/mol)
           Bond          Angle    Proper Dih. Ryckaert-Bell.          LJ-14
    1.86520e+03    5.20018e+03    2.91647e+02    2.95297e+03    3.58672e+03
     Coulomb-14        LJ (SR)  Disper. corr.   Coulomb (SR)   Coul. recip.
    1.35613e+04    9.85289e+04   -4.94978e+03   -6.95792e+05    3.54835e+03
 Position Rest.      Potential    Kinetic En.   Total Energy  Conserved En.
    6.98216e+02   -5.70508e+05    9.59345e+04   -4.74574e+05   -5.49517e+05
    Temperature Pres. DC (bar) Pressure (bar)   Constr. rmsd
    3.02560e+02   -2.13891e+02   -8.35497e+02    3.02600e-06

           Step           Time
          29500       59.00000

   Energies (kJ/mol)
           Bond          Angle    Proper Dih. Ryckaert-Bell.          LJ-14
    2.01203e+03    5.28261e+03    2.61204e+02    2.83632e+03    3.59959e+03
     Coulomb-14        LJ (SR)  Disper. corr.   Coulomb (SR)   Coul. recip.
    1.36301e+04    9.79028e+04   -4.94978e+03   -6.94543e+05    3.49456e+03
 Position Rest.      Potential    Kinetic En.   Total Energy  Conserved En.
    7.37910e+02   -5.69735e+05    9.50536e+04   -4.74682e+05   -5.49498e+05
    Temperature Pres. DC (bar) Pressure (bar)   Constr. rmsd
    2.99782e+02   -2.13891e+02   -8.23685e+02    2.99031e-06

           Step           Time
          30000       60.00000

   Energies (kJ/mol)
           Bond          Angle    Proper Dih. Ryckaert-Bell.          LJ-14
    1.93711e+03    5.20308e+03    3.13982e+02    2.84744e+03    3.65967e+03
     Coulomb-14        LJ (SR)  Disper. corr.   Coulomb (SR)   Coul. recip.
    1.35572e+04    9.86523e+04   -4.94978e+03   -6.95674e+05    3.39697e+03
 Position Rest.      Potential    Kinetic En.   Total Energy  Conserved En.
    6.78745e+02   -5.70377e+05    9.53503e+04   -4.75027e+05   -5.49536e+05
    Temperature Pres. DC (bar) Pressure (bar)   Constr. rmsd
    3.00717e+02   -2.13891e+02   -5.68383e+02    2.95164e-06

           Step           Time
          30500       61.00000

   Energies (kJ/mol)
           Bond          Angle    Proper Dih. Ryckaert-Bell.          LJ-14
    1.98371e+03    5.22486e+03    3.00544e+02    2.88062e+03    3.63665e+03
     Coulomb-14        LJ (SR)  Disper. corr.   Coulomb (SR)   Coul. recip.
    1.37961e+04    9.80348e+04   -4.94978e+03   -6.95613e+05    3.33831e+03
 Position Rest.      Potential    Kinetic En.   Total Energy  Conserved En.
    7.31272e+02   -5.70636e+05    9.56416e+04   -4.74994e+05   -5.49528e+05
    Temperature Pres. DC (bar) Pressure (bar)   Constr. rmsd
    3.01636e+02   -2.13891e+02   -9.17639e+02    2.83145e-06

           Step           Time
          31000       62.00000

   Energies (kJ/mol)
           Bond          Angle    Proper Dih. Ryckaert-Bell.          LJ-14
    1.99332e+03    5.24557e+03    3.09034e+02    2.97336e+03    3.57106e+03
     Coulomb-14        LJ (SR)  Disper. corr.   Coulomb (SR)   Coul. recip.
    1.36234e+04    9.98320e+04   -4.94978e+03   -6.95968e+05    3.49265e+03
 Position Rest.      Potential    Kinetic En.   Total Energy  Conserved En.
    6.99514e+02   -5.69178e+05    9.53580e+04   -4.73820e+05   -5.49502e+05
    Temperature Pres. DC (bar) Pressure (bar)   Constr. rmsd
    3.00742e+02   -2.13891e+02   -4.02620e+02    2.77836e-06

Writing checkpoint, step 31200 at Sat Oct 10 14:26:05 2020


           Step           Time
          31500       63.00000

   Energies (kJ/mol)
           Bond          Angle    Proper Dih. Ryckaert-Bell.          LJ-14
    1.84697e+03    5.28605e+03    3.16219e+02    2.84053e+03    3.56923e+03
     Coulomb-14        LJ (SR)  Disper. corr.   Coulomb (SR)   Coul. recip.
    1.36410e+04    9.82083e+04   -4.94978e+03   -6.95042e+05    3.40983e+03
 Position Rest.      Potential    Kinetic En.   Total Energy  Conserved En.
    7.44899e+02   -5.70129e+05    9.52533e+04   -4.74876e+05   -5.49517e+05
    Temperature Pres. DC (bar) Pressure (bar)   Constr. rmsd
    3.00411e+02   -2.13891e+02   -7.01050e+02    3.16719e-06

           Step           Time
          32000       64.00000

   Energies (kJ/mol)
           Bond          Angle    Proper Dih. Ryckaert-Bell.          LJ-14
    2.01698e+03    5.32578e+03    2.92884e+02    2.84202e+03    3.69699e+03
     Coulomb-14        LJ (SR)  Disper. corr.   Coulomb (SR)   Coul. recip.
    1.36424e+04    9.74055e+04   -4.94978e+03   -6.93934e+05    3.44347e+03
 Position Rest.      Potential    Kinetic En.   Total Energy  Conserved En.
    7.12739e+02   -5.69505e+05    9.57231e+04   -4.73782e+05   -5.49511e+05
    Temperature Pres. DC (bar) Pressure (bar)   Constr. rmsd
    3.01893e+02   -2.13891e+02   -7.29340e+02    2.72393e-06

           Step           Time
          32500       65.00000

   Energies (kJ/mol)
           Bond          Angle    Proper Dih. Ryckaert-Bell.          LJ-14
    1.99443e+03    5.32526e+03    2.84607e+02    2.87704e+03    3.53523e+03
     Coulomb-14        LJ (SR)  Disper. corr.   Coulomb (SR)   Coul. recip.
    1.36197e+04    9.71480e+04   -4.94978e+03   -6.92989e+05    3.39002e+03
 Position Rest.      Potential    Kinetic En.   Total Energy  Conserved En.
    7.15465e+02   -5.69049e+05    9.50214e+04   -4.74028e+05   -5.49512e+05
    Temperature Pres. DC (bar) Pressure (bar)   Constr. rmsd
    2.99680e+02   -2.13891e+02   -8.90700e+02    2.95432e-06

           Step           Time
          33000       66.00000

   Energies (kJ/mol)
           Bond          Angle    Proper Dih. Ryckaert-Bell.          LJ-14
    1.90335e+03    5.42819e+03    3.06073e+02    2.93720e+03    3.54064e+03
     Coulomb-14        LJ (SR)  Disper. corr.   Coulomb (SR)   Coul. recip.
    1.36146e+04    9.84781e+04   -4.94978e+03   -6.94492e+05    3.41518e+03
 Position Rest.      Potential    Kinetic En.   Total Energy  Conserved En.
    7.05467e+02   -5.69113e+05    9.48506e+04   -4.74262e+05   -5.49492e+05
    Temperature Pres. DC (bar) Pressure (bar)   Constr. rmsd
    2.99142e+02   -2.13891e+02   -6.43265e+02    2.94095e-06

           Step           Time
          33500       67.00000

   Energies (kJ/mol)
           Bond          Angle    Proper Dih. Ryckaert-Bell.          LJ-14
    1.86277e+03    5.23824e+03    2.76584e+02    2.90677e+03    3.68617e+03
     Coulomb-14        LJ (SR)  Disper. corr.   Coulomb (SR)   Coul. recip.
    1.36958e+04    9.89114e+04   -4.94978e+03   -6.96378e+05    3.35515e+03
 Position Rest.      Potential    Kinetic En.   Total Energy  Conserved En.
    7.27698e+02   -5.70667e+05    9.60083e+04   -4.74659e+05   -5.49530e+05
    Temperature Pres. DC (bar) Pressure (bar)   Constr. rmsd
    3.02793e+02   -2.13891e+02   -6.81587e+02    3.21614e-06

           Step           Time
          34000       68.00000

   Energies (kJ/mol)
           Bond          Angle    Proper Dih. Ryckaert-Bell.          LJ-14
    1.93419e+03    5.22813e+03    3.07105e+02    2.91254e+03    3.58979e+03
     Coulomb-14        LJ (SR)  Disper. corr.   Coulomb (SR)   Coul. recip.
    1.37315e+04    9.81668e+04   -4.94978e+03   -6.94926e+05    3.40167e+03
 Position Rest.      Potential    Kinetic En.   Total Energy  Conserved En.
    7.52729e+02   -5.69851e+05    9.49569e+04   -4.74894e+05   -5.49533e+05
    Temperature Pres. DC (bar) Pressure (bar)   Constr. rmsd
    2.99477e+02   -2.13891e+02   -7.92629e+02    2.91069e-06

           Step           Time
          34500       69.00000

   Energies (kJ/mol)
           Bond          Angle    Proper Dih. Ryckaert-Bell.          LJ-14
    1.90821e+03    5.17713e+03    2.98103e+02    2.80639e+03    3.49825e+03
     Coulomb-14        LJ (SR)  Disper. corr.   Coulomb (SR)   Coul. recip.
    1.36202e+04    9.86145e+04   -4.94978e+03   -6.94440e+05    3.39971e+03
 Position Rest.      Potential    Kinetic En.   Total Energy  Conserved En.
    7.59521e+02   -5.69308e+05    9.61465e+04   -4.73161e+05   -5.49541e+05
    Temperature Pres. DC (bar) Pressure (bar)   Constr. rmsd
    3.03228e+02   -2.13891e+02   -6.51411e+02    3.25893e-06

           Step           Time
          35000       70.00000

   Energies (kJ/mol)
           Bond          Angle    Proper Dih. Ryckaert-Bell.          LJ-14
    1.91097e+03    5.26200e+03    3.06089e+02    2.87789e+03    3.60395e+03
     Coulomb-14        LJ (SR)  Disper. corr.   Coulomb (SR)   Coul. recip.
    1.35723e+04    9.72211e+04   -4.94978e+03   -6.92646e+05    3.43811e+03
 Position Rest.      Potential    Kinetic En.   Total Energy  Conserved En.
    7.83467e+02   -5.68620e+05    9.60839e+04   -4.72537e+05   -5.49526e+05
    Temperature Pres. DC (bar) Pressure (bar)   Constr. rmsd
    3.03031e+02   -2.13891e+02   -8.08154e+02    3.59366e-06

           Step           Time
          35500       71.00000

   Energies (kJ/mol)
           Bond          Angle    Proper Dih. Ryckaert-Bell.          LJ-14
    1.84515e+03    5.26385e+03    3.04778e+02    2.89226e+03    3.54821e+03
     Coulomb-14        LJ (SR)  Disper. corr.   Coulomb (SR)   Coul. recip.
    1.36419e+04    9.83889e+04   -4.94978e+03   -6.95434e+05    3.38350e+03
 Position Rest.      Potential    Kinetic En.   Total Energy  Conserved En.
    7.39213e+02   -5.70376e+05    9.58893e+04   -4.74486e+05   -5.49545e+05
    Temperature Pres. DC (bar) Pressure (bar)   Constr. rmsd
    3.02417e+02   -2.13891e+02   -4.12920e+02    3.34085e-06

           Step           Time
          36000       72.00000

   Energies (kJ/mol)
           Bond          Angle    Proper Dih. Ryckaert-Bell.          LJ-14
    1.85221e+03    5.33802e+03    3.12739e+02    2.87806e+03    3.59340e+03
     Coulomb-14        LJ (SR)  Disper. corr.   Coulomb (SR)   Coul. recip.
    1.36409e+04    9.75600e+04   -4.94978e+03   -6.93757e+05    3.40118e+03
 Position Rest.      Potential    Kinetic En.   Total Energy  Conserved En.
    7.42968e+02   -5.69387e+05    9.54734e+04   -4.73914e+05   -5.49541e+05
    Temperature Pres. DC (bar) Pressure (bar)   Constr. rmsd
    3.01105e+02   -2.13891e+02   -8.19562e+02    3.17232e-06

           Step           Time
          36500       73.00000

   Energies (kJ/mol)
           Bond          Angle    Proper Dih. Ryckaert-Bell.          LJ-14
    1.86969e+03    5.30589e+03    2.90215e+02    2.89538e+03    3.57277e+03
     Coulomb-14        LJ (SR)  Disper. corr.   Coulomb (SR)   Coul. recip.
    1.36172e+04    9.84643e+04   -4.94978e+03   -6.94645e+05    3.39470e+03
 Position Rest.      Potential    Kinetic En.   Total Energy  Conserved En.
    7.97849e+02   -5.69387e+05    9.43237e+04   -4.75064e+05   -5.49499e+05
    Temperature Pres. DC (bar) Pressure (bar)   Constr. rmsd
    2.97480e+02   -2.13891e+02   -1.01549e+03    3.00332e-06

           Step           Time
          37000       74.00000

   Energies (kJ/mol)
           Bond          Angle    Proper Dih. Ryckaert-Bell.          LJ-14
    1.77426e+03    5.23221e+03    3.10167e+02    2.82665e+03    3.67625e+03
     Coulomb-14        LJ (SR)  Disper. corr.   Coulomb (SR)   Coul. recip.
    1.36695e+04    9.78267e+04   -4.94978e+03   -6.96227e+05    3.33123e+03
 Position Rest.      Potential    Kinetic En.   Total Energy  Conserved En.
    7.85458e+02   -5.71744e+05    9.47447e+04   -4.77000e+05   -5.49547e+05
    Temperature Pres. DC (bar) Pressure (bar)   Constr. rmsd
    2.98807e+02   -2.13891e+02   -1.02497e+03    2.84103e-06

           Step           Time
          37500       75.00000

   Energies (kJ/mol)
           Bond          Angle    Proper Dih. Ryckaert-Bell.          LJ-14
    1.84225e+03    5.12346e+03    3.33350e+02    2.98464e+03    3.53461e+03
     Coulomb-14        LJ (SR)  Disper. corr.   Coulomb (SR)   Coul. recip.
    1.36828e+04    9.89744e+04   -4.94978e+03   -6.95736e+05    3.30724e+03
 Position Rest.      Potential    Kinetic En.   Total Energy  Conserved En.
    7.37995e+02   -5.70165e+05    9.57130e+04   -4.74452e+05   -5.49539e+05
    Temperature Pres. DC (bar) Pressure (bar)   Constr. rmsd
    3.01861e+02   -2.13891e+02   -6.25013e+02    2.80176e-06

           Step           Time
          38000       76.00000

   Energies (kJ/mol)
           Bond          Angle    Proper Dih. Ryckaert-Bell.          LJ-14
    1.90285e+03    5.11916e+03    3.09381e+02    2.96031e+03    3.60032e+03
     Coulomb-14        LJ (SR)  Disper. corr.   Coulomb (SR)   Coul. recip.
    1.36973e+04    9.89735e+04   -4.94978e+03   -6.95144e+05    3.42340e+03
 Position Rest.      Potential    Kinetic En.   Total Energy  Conserved En.
    7.41192e+02   -5.69366e+05    9.46631e+04   -4.74703e+05   -5.49527e+05
    Temperature Pres. DC (bar) Pressure (bar)   Constr. rmsd
    2.98550e+02   -2.13891e+02   -5.15467e+02    3.03512e-06

           Step           Time
          38500       77.00000

   Energies (kJ/mol)
           Bond          Angle    Proper Dih. Ryckaert-Bell.          LJ-14
    2.00541e+03    5.33295e+03    3.29294e+02    2.84470e+03    3.57071e+03
     Coulomb-14        LJ (SR)  Disper. corr.   Coulomb (SR)   Coul. recip.
    1.36437e+04    9.84368e+04   -4.94978e+03   -6.95378e+05    3.37252e+03
 Position Rest.      Potential    Kinetic En.   Total Energy  Conserved En.
    7.45619e+02   -5.70046e+05    9.50311e+04   -4.75015e+05   -5.49522e+05
    Temperature Pres. DC (bar) Pressure (bar)   Constr. rmsd
    2.99711e+02   -2.13891e+02   -6.71537e+02    3.03643e-06

           Step           Time
          39000       78.00000

   Energies (kJ/mol)
           Bond          Angle    Proper Dih. Ryckaert-Bell.          LJ-14
    1.87144e+03    5.17737e+03    3.23360e+02    2.93131e+03    3.57931e+03
     Coulomb-14        LJ (SR)  Disper. corr.   Coulomb (SR)   Coul. recip.
    1.36694e+04    9.70081e+04   -4.94978e+03   -6.93550e+05    3.45405e+03
 Position Rest.      Potential    Kinetic En.   Total Energy  Conserved En.
    7.77539e+02   -5.69708e+05    9.42450e+04   -4.75463e+05   -5.49531e+05
    Temperature Pres. DC (bar) Pressure (bar)   Constr. rmsd
    2.97231e+02   -2.13891e+02   -1.21275e+03    2.72844e-06

           Step           Time
          39500       79.00000

   Energies (kJ/mol)
           Bond          Angle    Proper Dih. Ryckaert-Bell.          LJ-14
    1.86655e+03    5.15520e+03    2.86533e+02    2.86416e+03    3.58821e+03
     Coulomb-14        LJ (SR)  Disper. corr.   Coulomb (SR)   Coul. recip.
    1.36821e+04    9.93738e+04   -4.94978e+03   -6.95722e+05    3.41902e+03
 Position Rest.      Potential    Kinetic En.   Total Energy  Conserved En.
    7.55774e+02   -5.69681e+05    9.54679e+04   -4.74213e+05   -5.49547e+05
    Temperature Pres. DC (bar) Pressure (bar)   Constr. rmsd
    3.01088e+02   -2.13891e+02   -6.40800e+02    3.06865e-06

           Step           Time
          40000       80.00000

   Energies (kJ/mol)
           Bond          Angle    Proper Dih. Ryckaert-Bell.          LJ-14
    1.99691e+03    5.20337e+03    2.77734e+02    2.96623e+03    3.56198e+03
     Coulomb-14        LJ (SR)  Disper. corr.   Coulomb (SR)   Coul. recip.
    1.36859e+04    9.70436e+04   -4.94978e+03   -6.93730e+05    3.39455e+03
 Position Rest.      Potential    Kinetic En.   Total Energy  Conserved En.
    7.46901e+02   -5.69803e+05    9.49361e+04   -4.74866e+05   -5.49523e+05
    Temperature Pres. DC (bar) Pressure (bar)   Constr. rmsd
    2.99411e+02   -2.13891e+02   -9.77715e+02    3.03204e-06

           Step           Time
          40500       81.00000

   Energies (kJ/mol)
           Bond          Angle    Proper Dih. Ryckaert-Bell.          LJ-14
    2.06101e+03    5.26345e+03    3.35278e+02    2.89133e+03    3.57317e+03
     Coulomb-14        LJ (SR)  Disper. corr.   Coulomb (SR)   Coul. recip.
    1.36579e+04    9.83908e+04   -4.94978e+03   -6.95223e+05    3.47039e+03
 Position Rest.      Potential    Kinetic En.   Total Energy  Conserved En.
    6.75662e+02   -5.69854e+05    9.50013e+04   -4.74852e+05   -5.49524e+05
    Temperature Pres. DC (bar) Pressure (bar)   Constr. rmsd
    2.99617e+02   -2.13891e+02   -8.80353e+02    2.95535e-06

           Step           Time
          41000       82.00000

   Energies (kJ/mol)
           Bond          Angle    Proper Dih. Ryckaert-Bell.          LJ-14
    1.78568e+03    5.16588e+03    3.36291e+02    2.85490e+03    3.58637e+03
     Coulomb-14        LJ (SR)  Disper. corr.   Coulomb (SR)   Coul. recip.
    1.36760e+04    1.00307e+05   -4.94978e+03   -6.98559e+05    3.52452e+03
 Position Rest.      Potential    Kinetic En.   Total Energy  Conserved En.
    7.30741e+02   -5.71542e+05    9.42988e+04   -4.77243e+05   -5.49528e+05
    Temperature Pres. DC (bar) Pressure (bar)   Constr. rmsd
    2.97401e+02   -2.13891e+02   -3.95119e+02    3.01307e-06

           Step           Time
          41500       83.00000

   Energies (kJ/mol)
           Bond          Angle    Proper Dih. Ryckaert-Bell.          LJ-14
    1.79387e+03    5.26895e+03    2.80721e+02    2.87638e+03    3.63494e+03
     Coulomb-14        LJ (SR)  Disper. corr.   Coulomb (SR)   Coul. recip.
    1.37079e+04    9.95873e+04   -4.94978e+03   -6.97641e+05    3.40163e+03
 Position Rest.      Potential    Kinetic En.   Total Energy  Conserved En.
    7.05924e+02   -5.71333e+05    9.42553e+04   -4.77078e+05   -5.49533e+05
    Temperature Pres. DC (bar) Pressure (bar)   Constr. rmsd
    2.97264e+02   -2.13891e+02   -7.13111e+02    3.12073e-06

           Step           Time
          42000       84.00000

   Energies (kJ/mol)
           Bond          Angle    Proper Dih. Ryckaert-Bell.          LJ-14
    1.84063e+03    5.26890e+03    3.17581e+02    2.96533e+03    3.64446e+03
     Coulomb-14        LJ (SR)  Disper. corr.   Coulomb (SR)   Coul. recip.
    1.38171e+04    9.88661e+04   -4.94978e+03   -6.95532e+05    3.41957e+03
 Position Rest.      Potential    Kinetic En.   Total Energy  Conserved En.
    7.16735e+02   -5.69625e+05    9.51120e+04   -4.74513e+05   -5.49540e+05
    Temperature Pres. DC (bar) Pressure (bar)   Constr. rmsd
    2.99966e+02   -2.13891e+02   -4.84779e+02    3.28423e-06

           Step           Time
          42500       85.00000

   Energies (kJ/mol)
           Bond          Angle    Proper Dih. Ryckaert-Bell.          LJ-14
    1.95880e+03    5.27050e+03    3.07675e+02    2.93310e+03    3.60661e+03
     Coulomb-14        LJ (SR)  Disper. corr.   Coulomb (SR)   Coul. recip.
    1.37156e+04    9.98093e+04   -4.94978e+03   -6.97678e+05    3.40141e+03
 Position Rest.      Potential    Kinetic En.   Total Energy  Conserved En.
    7.78758e+02   -5.70846e+05    9.44459e+04   -4.76400e+05   -5.49508e+05
    Temperature Pres. DC (bar) Pressure (bar)   Constr. rmsd
    2.97865e+02   -2.13891e+02   -4.69305e+02    2.92304e-06

           Step           Time
          43000       86.00000

   Energies (kJ/mol)
           Bond          Angle    Proper Dih. Ryckaert-Bell.          LJ-14
    1.95796e+03    5.20696e+03    2.88753e+02    2.94870e+03    3.54000e+03
     Coulomb-14        LJ (SR)  Disper. corr.   Coulomb (SR)   Coul. recip.
    1.36651e+04    9.73535e+04   -4.94978e+03   -6.94404e+05    3.37801e+03
 Position Rest.      Potential    Kinetic En.   Total Energy  Conserved En.
    7.22742e+02   -5.70292e+05    9.61515e+04   -4.74141e+05   -5.49548e+05
    Temperature Pres. DC (bar) Pressure (bar)   Constr. rmsd
    3.03244e+02   -2.13891e+02   -1.12279e+03    3.07233e-06

           Step           Time
          43500       87.00000

   Energies (kJ/mol)
           Bond          Angle    Proper Dih. Ryckaert-Bell.          LJ-14
    1.94376e+03    5.25708e+03    3.33962e+02    2.92414e+03    3.57676e+03
     Coulomb-14        LJ (SR)  Disper. corr.   Coulomb (SR)   Coul. recip.
    1.36947e+04    9.82257e+04   -4.94978e+03   -6.94160e+05    3.43775e+03
 Position Rest.      Potential    Kinetic En.   Total Energy  Conserved En.
    8.00139e+02   -5.68916e+05    9.49919e+04   -4.73924e+05   -5.49531e+05
    Temperature Pres. DC (bar) Pressure (bar)   Constr. rmsd
    2.99587e+02   -2.13891e+02   -1.37241e+03    2.98148e-06

           Step           Time
          44000       88.00000

   Energies (kJ/mol)
           Bond          Angle    Proper Dih. Ryckaert-Bell.          LJ-14
    1.83794e+03    5.36932e+03    3.05120e+02    2.91396e+03    3.62174e+03
     Coulomb-14        LJ (SR)  Disper. corr.   Coulomb (SR)   Coul. recip.
    1.36677e+04    9.93607e+04   -4.94978e+03   -6.96035e+05    3.44164e+03
 Position Rest.      Potential    Kinetic En.   Total Energy  Conserved En.
    8.06788e+02   -5.69660e+05    9.58830e+04   -4.73777e+05   -5.49545e+05
    Temperature Pres. DC (bar) Pressure (bar)   Constr. rmsd
    3.02397e+02   -2.13891e+02   -5.47041e+02    2.87414e-06

           Step           Time
          44500       89.00000

   Energies (kJ/mol)
           Bond          Angle    Proper Dih. Ryckaert-Bell.          LJ-14
    2.02284e+03    5.15335e+03    2.97667e+02    2.95605e+03    3.57855e+03
     Coulomb-14        LJ (SR)  Disper. corr.   Coulomb (SR)   Coul. recip.
    1.36012e+04    9.69284e+04   -4.94978e+03   -6.92667e+05    3.37588e+03
 Position Rest.      Potential    Kinetic En.   Total Energy  Conserved En.
    7.89735e+02   -5.68913e+05    9.51645e+04   -4.73748e+05   -5.49529e+05
    Temperature Pres. DC (bar) Pressure (bar)   Constr. rmsd
    3.00131e+02   -2.13891e+02   -1.01939e+03    2.84952e-06

           Step           Time
          45000       90.00000

   Energies (kJ/mol)
           Bond          Angle    Proper Dih. Ryckaert-Bell.          LJ-14
    1.93136e+03    5.35825e+03    3.37965e+02    2.94055e+03    3.56361e+03
     Coulomb-14        LJ (SR)  Disper. corr.   Coulomb (SR)   Coul. recip.
    1.37117e+04    9.76906e+04   -4.94978e+03   -6.93936e+05    3.42780e+03
 Position Rest.      Potential    Kinetic En.   Total Energy  Conserved En.
    7.66587e+02   -5.69157e+05    9.47598e+04   -4.74397e+05   -5.49516e+05
    Temperature Pres. DC (bar) Pressure (bar)   Constr. rmsd
    2.98855e+02   -2.13891e+02   -1.02257e+03    2.99625e-06

           Step           Time
          45500       91.00000

   Energies (kJ/mol)
           Bond          Angle    Proper Dih. Ryckaert-Bell.          LJ-14
    1.89991e+03    5.32965e+03    3.08274e+02    2.83666e+03    3.58243e+03
     Coulomb-14        LJ (SR)  Disper. corr.   Coulomb (SR)   Coul. recip.
    1.37340e+04    9.89642e+04   -4.94978e+03   -6.95662e+05    3.32123e+03
 Position Rest.      Potential    Kinetic En.   Total Energy  Conserved En.
    8.21409e+02   -5.69814e+05    9.58725e+04   -4.73941e+05   -5.49550e+05
    Temperature Pres. DC (bar) Pressure (bar)   Constr. rmsd
    3.02364e+02   -2.13891e+02   -5.35419e+02    3.27786e-06

           Step           Time
          46000       92.00000

   Energies (kJ/mol)
           Bond          Angle    Proper Dih. Ryckaert-Bell.          LJ-14
    1.83210e+03    5.22188e+03    3.34386e+02    2.87456e+03    3.54242e+03
     Coulomb-14        LJ (SR)  Disper. corr.   Coulomb (SR)   Coul. recip.
    1.35884e+04    9.84658e+04   -4.94978e+03   -6.93914e+05    3.37728e+03
 Position Rest.      Potential    Kinetic En.   Total Energy  Conserved En.
    7.19790e+02   -5.68907e+05    9.49783e+04   -4.73929e+05   -5.49540e+05
    Temperature Pres. DC (bar) Pressure (bar)   Constr. rmsd
    2.99544e+02   -2.13891e+02   -4.98338e+02    3.27209e-06

           Step           Time
          46500       93.00000

   Energies (kJ/mol)
           Bond          Angle    Proper Dih. Ryckaert-Bell.          LJ-14
    1.97079e+03    5.34398e+03    3.36966e+02    2.86879e+03    3.61564e+03
     Coulomb-14        LJ (SR)  Disper. corr.   Coulomb (SR)   Coul. recip.
    1.36587e+04    9.79902e+04   -4.94978e+03   -6.95402e+05    3.35953e+03
 Position Rest.      Potential    Kinetic En.   Total Energy  Conserved En.
    7.40923e+02   -5.70466e+05    9.51476e+04   -4.75318e+05   -5.49512e+05
    Temperature Pres. DC (bar) Pressure (bar)   Constr. rmsd
    3.00078e+02   -2.13891e+02   -8.38708e+02    2.92806e-06

           Step           Time
          47000       94.00000

   Energies (kJ/mol)
           Bond          Angle    Proper Dih. Ryckaert-Bell.          LJ-14
    1.95324e+03    5.28448e+03    3.02730e+02    2.93278e+03    3.50112e+03
     Coulomb-14        LJ (SR)  Disper. corr.   Coulomb (SR)   Coul. recip.
    1.36565e+04    9.74627e+04   -4.94978e+03   -6.95170e+05    3.45245e+03
 Position Rest.      Potential    Kinetic En.   Total Energy  Conserved En.
    8.30214e+02   -5.70744e+05    9.54147e+04   -4.75329e+05   -5.49535e+05
    Temperature Pres. DC (bar) Pressure (bar)   Constr. rmsd
    3.00920e+02   -2.13891e+02   -7.83734e+02    2.84452e-06

           Step           Time
          47500       95.00000

   Energies (kJ/mol)
           Bond          Angle    Proper Dih. Ryckaert-Bell.          LJ-14
    1.93405e+03    5.15593e+03    3.25530e+02    2.86934e+03    3.64998e+03
     Coulomb-14        LJ (SR)  Disper. corr.   Coulomb (SR)   Coul. recip.
    1.36121e+04    9.62410e+04   -4.94978e+03   -6.92426e+05    3.34733e+03
 Position Rest.      Potential    Kinetic En.   Total Energy  Conserved En.
    7.52748e+02   -5.69488e+05    9.44512e+04   -4.75037e+05   -5.49552e+05
    Temperature Pres. DC (bar) Pressure (bar)   Constr. rmsd
    2.97882e+02   -2.13891e+02   -9.54588e+02    2.64919e-06

           Step           Time
          48000       96.00000

   Energies (kJ/mol)
           Bond          Angle    Proper Dih. Ryckaert-Bell.          LJ-14
    1.93288e+03    5.32910e+03    2.96365e+02    2.93057e+03    3.46050e+03
     Coulomb-14        LJ (SR)  Disper. corr.   Coulomb (SR)   Coul. recip.
    1.36983e+04    9.86405e+04   -4.94978e+03   -6.94479e+05    3.32715e+03
 Position Rest.      Potential    Kinetic En.   Total Energy  Conserved En.
    7.23340e+02   -5.69090e+05    9.52602e+04   -4.73829e+05   -5.49529e+05
    Temperature Pres. DC (bar) Pressure (bar)   Constr. rmsd
    3.00433e+02   -2.13891e+02   -9.63897e+02    2.93155e-06

           Step           Time
          48500       97.00000

   Energies (kJ/mol)
           Bond          Angle    Proper Dih. Ryckaert-Bell.          LJ-14
    2.00242e+03    5.38097e+03    3.19695e+02    3.00893e+03    3.46898e+03
     Coulomb-14        LJ (SR)  Disper. corr.   Coulomb (SR)   Coul. recip.
    1.36293e+04    9.72509e+04   -4.94978e+03   -6.93106e+05    3.40950e+03
 Position Rest.      Potential    Kinetic En.   Total Energy  Conserved En.
    7.11200e+02   -5.68874e+05    9.41624e+04   -4.74712e+05   -5.49530e+05
    Temperature Pres. DC (bar) Pressure (bar)   Constr. rmsd
    2.96971e+02   -2.13891e+02   -9.29774e+02    2.91615e-06

           Step           Time
          49000       98.00000

   Energies (kJ/mol)
           Bond          Angle    Proper Dih. Ryckaert-Bell.          LJ-14
    1.92136e+03    5.38079e+03    3.37836e+02    2.95180e+03    3.57124e+03
     Coulomb-14        LJ (SR)  Disper. corr.   Coulomb (SR)   Coul. recip.
    1.37023e+04    9.80426e+04   -4.94978e+03   -6.93668e+05    3.46891e+03
 Position Rest.      Potential    Kinetic En.   Total Energy  Conserved En.
    7.75949e+02   -5.68465e+05    9.46656e+04   -4.73800e+05   -5.49536e+05
    Temperature Pres. DC (bar) Pressure (bar)   Constr. rmsd
    2.98558e+02   -2.13891e+02   -7.93025e+02    2.89374e-06

           Step           Time
          49500       99.00000

   Energies (kJ/mol)
           Bond          Angle    Proper Dih. Ryckaert-Bell.          LJ-14
    1.93094e+03    5.29714e+03    3.21146e+02    2.88009e+03    3.62064e+03
     Coulomb-14        LJ (SR)  Disper. corr.   Coulomb (SR)   Coul. recip.
    1.37919e+04    9.76955e+04   -4.94978e+03   -6.93951e+05    3.49856e+03
 Position Rest.      Potential    Kinetic En.   Total Energy  Conserved En.
    7.55140e+02   -5.69109e+05    9.55111e+04   -4.73598e+05   -5.49537e+05
    Temperature Pres. DC (bar) Pressure (bar)   Constr. rmsd
    3.01225e+02   -2.13891e+02   -9.34643e+02    3.14949e-06

           Step           Time
          50000      100.00000

Writing checkpoint, step 50000 at Sat Oct 10 14:35:07 2020


   Energies (kJ/mol)
           Bond          Angle    Proper Dih. Ryckaert-Bell.          LJ-14
    1.84955e+03    5.31898e+03    2.94631e+02    2.86799e+03    3.64025e+03
     Coulomb-14        LJ (SR)  Disper. corr.   Coulomb (SR)   Coul. recip.
    1.36160e+04    9.93524e+04   -4.94978e+03   -6.96680e+05    3.46409e+03
 Position Rest.      Potential    Kinetic En.   Total Energy  Conserved En.
    7.07768e+02   -5.70518e+05    9.48958e+04   -4.75622e+05   -5.49520e+05
    Temperature Pres. DC (bar) Pressure (bar)   Constr. rmsd
    2.99284e+02   -2.13891e+02   -7.22814e+02    2.87713e-06


	<======  ###############  ==>
	<====  A V E R A G E S  ====>
	<==  ###############  ======>

	Statistics over 50001 steps using 501 frames

   Energies (kJ/mol)
           Bond          Angle    Proper Dih. Ryckaert-Bell.          LJ-14
    1.91518e+03    5.25015e+03    3.12379e+02    2.91628e+03    3.58120e+03
     Coulomb-14        LJ (SR)  Disper. corr.   Coulomb (SR)   Coul. recip.
    1.36614e+04    9.81501e+04   -4.94978e+03   -6.94729e+05    3.41682e+03
 Position Rest.      Potential    Kinetic En.   Total Energy  Conserved En.
    7.42125e+02   -5.69733e+05    9.50609e+04   -4.74672e+05   -5.49494e+05
    Temperature Pres. DC (bar) Pressure (bar)   Constr. rmsd
    2.99805e+02   -2.13891e+02   -7.88089e+02    0.00000e+00

   Total Virial (kJ/mol)
    4.10038e+04    9.69826e+01   -3.91300e+02
    9.67552e+01    4.06886e+04   -2.36653e+02
   -3.90919e+02   -2.36030e+02    4.07585e+04

   Pressure (bar)
   -7.99566e+02   -6.26522e+00    3.37268e+01
   -6.24559e+00   -7.78127e+02    2.17541e+01
    3.36939e+01    2.17003e+01   -7.86572e+02

      T-Protein  T-non-Protein
    3.00077e+02    2.99778e+02


	M E G A - F L O P S   A C C O U N T I N G

 NB=Group-cutoff nonbonded kernels    NxN=N-by-N cluster Verlet kernels
 RF=Reaction-Field  VdW=Van der Waals  QSTab=quadratic-spline table
 W3=SPC/TIP3p  W4=TIP4p (single or pairs)
 V&F=Potential and force  V=Potential only  F=Force only

 Computing:                               M-Number         M-Flops  % Flops
-----------------------------------------------------------------------------
 Pair Search distance check           12536.676772      112830.091     0.3
 NxN QSTab Elec. + LJ [F]            489700.345664    20077714.172    52.9
 NxN QSTab Elec. + LJ [V&F]            4956.324824      292423.165     0.8
 NxN QSTab Elec. [F]                 420576.398560    14299597.551    37.6
 NxN QSTab Elec. [V&F]                 4256.736424      174526.193     0.5
 1,4 nonbonded interactions             350.657013       31559.131     0.1
 Calc Weights                          5620.312404      202331.247     0.5
 Spread Q Bspline                    119899.997952      239799.996     0.6
 Gather F Bspline                    119899.997952      719399.988     1.9
 3D-FFT                              185299.305912     1482394.447     3.9
 Solve PME                              115.202304        7372.947     0.0
 Shift-X                                 37.505468         225.033     0.0
 Bonds                                   68.351367        4032.731     0.0
 Angles                                 243.754875       40950.819     0.1
 Propers                                 27.350547        6263.275     0.0
 RB-Dihedrals                           274.955499       67914.008     0.2
 Pos. Restr.                             66.801336        3340.067     0.0
 Virial                                  18.794013         338.292     0.0
 Stop-CM                                 18.808936         188.089     0.0
 Calc-Ekin                              374.754936       10118.383     0.0
 Lincs                                   66.653999        3999.240     0.0
 Lincs-Mat                              349.820988        1399.284     0.0
 Constraint-V                          1873.224926       14985.799     0.0
 Constraint-Vir                          18.101130         434.427     0.0
 Settle                                 579.984797      187335.089     0.5
-----------------------------------------------------------------------------
 Total                                                37981473.466   100.0
-----------------------------------------------------------------------------


     R E A L   C Y C L E   A N D   T I M E   A C C O U N T I N G

On 1 MPI rank, each using 2 OpenMP threads

 Computing:          Num   Num      Call    Wall time         Giga-Cycles
                     Ranks Threads  Count      (s)         total sum    %
-----------------------------------------------------------------------------
 Neighbor search        1    2       1001      38.458        161.142   2.7
 Force                  1    2      50001    1208.726       5064.714  83.7
 PME mesh               1    2      50001     166.677        698.396  11.5
 NB X/F buffer ops.     1    2      99001       7.498         31.416   0.5
 Write traj.            1    2        102       0.971          4.069   0.1
 Update                 1    2      50001       3.906         16.365   0.3
 Constraints            1    2      50003      16.035         67.190   1.1
 Rest                                           1.657          6.944   0.1
-----------------------------------------------------------------------------
 Total                                       1443.927       6050.236 100.0
-----------------------------------------------------------------------------
 Breakdown of PME mesh computation
-----------------------------------------------------------------------------
 PME spread             1    2      50001      58.608        245.573   4.1
 PME gather             1    2      50001      77.523        324.829   5.4
 PME 3D-FFT             1    2     100002      24.577        102.979   1.7
 PME solve Elec         1    2      50001       5.874         24.612   0.4
-----------------------------------------------------------------------------

               Core t (s)   Wall t (s)        (%)
       Time:     2887.855     1443.927      200.0
                 (ns/day)    (hour/ns)
Performance:        5.984        4.011
Finished mdrun on rank 0 Sat Oct 10 14:35:07 2020

